ERROR - 2023-04-21 09:27:10 --> Error connecting to the database: mysqli_sql_exception: Unknown database 'quantanics' in D:\XAMPP\htdocs\quantanics_website-main\system\Database\MySQLi\Connection.php:173
Stack trace:
#0 D:\XAMPP\htdocs\quantanics_website-main\system\Database\MySQLi\Connection.php(173): mysqli->real_connect('localhost', 'root', Object(SensitiveParameterValue), 'quantanics', 3306, '', 0)
#1 D:\XAMPP\htdocs\quantanics_website-main\system\Database\BaseConnection.php(391): CodeIgniter\Database\MySQLi\Connection->connect(false)
#2 D:\XAMPP\htdocs\quantanics_website-main\system\Database\BaseConnection.php(573): CodeIgniter\Database\BaseConnection->initialize()
#3 D:\XAMPP\htdocs\quantanics_website-main\system\Database\BaseBuilder.php(1616): CodeIgniter\Database\BaseConnection->query('SELECT *\nFROM `...', Array, false)
#4 D:\XAMPP\htdocs\quantanics_website-main\app\Models\Intern_Model.php(81): CodeIgniter\Database\BaseBuilder->get()
#5 D:\XAMPP\htdocs\quantanics_website-main\app\Controllers\Intern_controller.php(128): App\Models\Intern_Model->login_intern('', '')
#6 D:\XAMPP\htdocs\quantanics_website-main\system\CodeIgniter.php(934): App\Controllers\Intern_controller->intern_login()
#7 D:\XAMPP\htdocs\quantanics_website-main\system\CodeIgniter.php(499): CodeIgniter\CodeIgniter->runController(Object(App\Controllers\Intern_controller))
#8 D:\XAMPP\htdocs\quantanics_website-main\system\CodeIgniter.php(368): CodeIgniter\CodeIgniter->handleRequest(NULL, Object(Config\Cache), false)
#9 D:\XAMPP\htdocs\quantanics_website-main\public\index.php(67): CodeIgniter\CodeIgniter->run()
#10 {main}

Next CodeIgniter\Database\Exceptions\DatabaseException: Unknown database 'quantanics' in D:\XAMPP\htdocs\quantanics_website-main\system\Database\MySQLi\Connection.php:218
Stack trace:
#0 D:\XAMPP\htdocs\quantanics_website-main\system\Database\BaseConnection.php(391): CodeIgniter\Database\MySQLi\Connection->connect(false)
#1 D:\XAMPP\htdocs\quantanics_website-main\system\Database\BaseConnection.php(573): CodeIgniter\Database\BaseConnection->initialize()
#2 D:\XAMPP\htdocs\quantanics_website-main\system\Database\BaseBuilder.php(1616): CodeIgniter\Database\BaseConnection->query('SELECT *\nFROM `...', Array, false)
#3 D:\XAMPP\htdocs\quantanics_website-main\app\Models\Intern_Model.php(81): CodeIgniter\Database\BaseBuilder->get()
#4 D:\XAMPP\htdocs\quantanics_website-main\app\Controllers\Intern_controller.php(128): App\Models\Intern_Model->login_intern('', '')
#5 D:\XAMPP\htdocs\quantanics_website-main\system\CodeIgniter.php(934): App\Controllers\Intern_controller->intern_login()
#6 D:\XAMPP\htdocs\quantanics_website-main\system\CodeIgniter.php(499): CodeIgniter\CodeIgniter->runController(Object(App\Controllers\Intern_controller))
#7 D:\XAMPP\htdocs\quantanics_website-main\system\CodeIgniter.php(368): CodeIgniter\CodeIgniter->handleRequest(NULL, Object(Config\Cache), false)
#8 D:\XAMPP\htdocs\quantanics_website-main\public\index.php(67): CodeIgniter\CodeIgniter->run()
#9 {main}
CRITICAL - 2023-04-21 09:27:10 --> Unable to connect to the database.
Main connection [MySQLi]: Unknown database 'quantanics'
in SYSTEMPATH\Database\BaseConnection.php on line 427.
 1 SYSTEMPATH\Database\BaseConnection.php(573): CodeIgniter\Database\BaseConnection->initialize()
 2 SYSTEMPATH\Database\BaseBuilder.php(1616): CodeIgniter\Database\BaseConnection->query('SELECT *
FROM `intern_table`
WHERE `regno` = :regno:
AND `dob` = :dob:', [...], false)
 3 APPPATH\Models\Intern_Model.php(81): CodeIgniter\Database\BaseBuilder->get()
 4 APPPATH\Controllers\Intern_controller.php(128): App\Models\Intern_Model->login_intern('ROOTPATH\\public', 'ROOTPATH\\public')
 5 SYSTEMPATH\CodeIgniter.php(934): App\Controllers\Intern_controller->intern_login()
 6 SYSTEMPATH\CodeIgniter.php(499): CodeIgniter\CodeIgniter->runController(Object(App\Controllers\Intern_controller))
 7 SYSTEMPATH\CodeIgniter.php(368): CodeIgniter\CodeIgniter->handleRequest(null, Object(Config\Cache), false)
 8 FCPATH\index.php(67): CodeIgniter\CodeIgniter->run()
ERROR - 2023-04-21 09:27:18 --> Error connecting to the database: mysqli_sql_exception: Unknown database 'quantanics' in D:\XAMPP\htdocs\quantanics_website-main\system\Database\MySQLi\Connection.php:173
Stack trace:
#0 D:\XAMPP\htdocs\quantanics_website-main\system\Database\MySQLi\Connection.php(173): mysqli->real_connect('localhost', 'root', Object(SensitiveParameterValue), 'quantanics', 3306, '', 0)
#1 D:\XAMPP\htdocs\quantanics_website-main\system\Database\BaseConnection.php(391): CodeIgniter\Database\MySQLi\Connection->connect(false)
#2 D:\XAMPP\htdocs\quantanics_website-main\system\Database\BaseConnection.php(573): CodeIgniter\Database\BaseConnection->initialize()
#3 D:\XAMPP\htdocs\quantanics_website-main\system\Database\BaseBuilder.php(1616): CodeIgniter\Database\BaseConnection->query('SELECT *\nFROM `...', Array, false)
#4 D:\XAMPP\htdocs\quantanics_website-main\app\Models\Intern_Model.php(81): CodeIgniter\Database\BaseBuilder->get()
#5 D:\XAMPP\htdocs\quantanics_website-main\app\Controllers\Intern_controller.php(128): App\Models\Intern_Model->login_intern('910019104020', '2002-06-03')
#6 D:\XAMPP\htdocs\quantanics_website-main\system\CodeIgniter.php(934): App\Controllers\Intern_controller->intern_login()
#7 D:\XAMPP\htdocs\quantanics_website-main\system\CodeIgniter.php(499): CodeIgniter\CodeIgniter->runController(Object(App\Controllers\Intern_controller))
#8 D:\XAMPP\htdocs\quantanics_website-main\system\CodeIgniter.php(368): CodeIgniter\CodeIgniter->handleRequest(NULL, Object(Config\Cache), false)
#9 D:\XAMPP\htdocs\quantanics_website-main\public\index.php(67): CodeIgniter\CodeIgniter->run()
#10 {main}

Next CodeIgniter\Database\Exceptions\DatabaseException: Unknown database 'quantanics' in D:\XAMPP\htdocs\quantanics_website-main\system\Database\MySQLi\Connection.php:218
Stack trace:
#0 D:\XAMPP\htdocs\quantanics_website-main\system\Database\BaseConnection.php(391): CodeIgniter\Database\MySQLi\Connection->connect(false)
#1 D:\XAMPP\htdocs\quantanics_website-main\system\Database\BaseConnection.php(573): CodeIgniter\Database\BaseConnection->initialize()
#2 D:\XAMPP\htdocs\quantanics_website-main\system\Database\BaseBuilder.php(1616): CodeIgniter\Database\BaseConnection->query('SELECT *\nFROM `...', Array, false)
#3 D:\XAMPP\htdocs\quantanics_website-main\app\Models\Intern_Model.php(81): CodeIgniter\Database\BaseBuilder->get()
#4 D:\XAMPP\htdocs\quantanics_website-main\app\Controllers\Intern_controller.php(128): App\Models\Intern_Model->login_intern('910019104020', '2002-06-03')
#5 D:\XAMPP\htdocs\quantanics_website-main\system\CodeIgniter.php(934): App\Controllers\Intern_controller->intern_login()
#6 D:\XAMPP\htdocs\quantanics_website-main\system\CodeIgniter.php(499): CodeIgniter\CodeIgniter->runController(Object(App\Controllers\Intern_controller))
#7 D:\XAMPP\htdocs\quantanics_website-main\system\CodeIgniter.php(368): CodeIgniter\CodeIgniter->handleRequest(NULL, Object(Config\Cache), false)
#8 D:\XAMPP\htdocs\quantanics_website-main\public\index.php(67): CodeIgniter\CodeIgniter->run()
#9 {main}
CRITICAL - 2023-04-21 09:27:18 --> Unable to connect to the database.
Main connection [MySQLi]: Unknown database 'quantanics'
in SYSTEMPATH\Database\BaseConnection.php on line 427.
 1 SYSTEMPATH\Database\BaseConnection.php(573): CodeIgniter\Database\BaseConnection->initialize()
 2 SYSTEMPATH\Database\BaseBuilder.php(1616): CodeIgniter\Database\BaseConnection->query('SELECT *
FROM `intern_table`
WHERE `regno` = :regno:
AND `dob` = :dob:', [...], false)
 3 APPPATH\Models\Intern_Model.php(81): CodeIgniter\Database\BaseBuilder->get()
 4 APPPATH\Controllers\Intern_controller.php(128): App\Models\Intern_Model->login_intern('910019104020', '2002-06-03')
 5 SYSTEMPATH\CodeIgniter.php(934): App\Controllers\Intern_controller->intern_login()
 6 SYSTEMPATH\CodeIgniter.php(499): CodeIgniter\CodeIgniter->runController(Object(App\Controllers\Intern_controller))
 7 SYSTEMPATH\CodeIgniter.php(368): CodeIgniter\CodeIgniter->handleRequest(null, Object(Config\Cache), false)
 8 FCPATH\index.php(67): CodeIgniter\CodeIgniter->run()
ERROR - 2023-04-21 09:27:22 --> Error connecting to the database: mysqli_sql_exception: Unknown database 'quantanics' in D:\XAMPP\htdocs\quantanics_website-main\system\Database\MySQLi\Connection.php:173
Stack trace:
#0 D:\XAMPP\htdocs\quantanics_website-main\system\Database\MySQLi\Connection.php(173): mysqli->real_connect('localhost', 'root', Object(SensitiveParameterValue), 'quantanics', 3306, '', 0)
#1 D:\XAMPP\htdocs\quantanics_website-main\system\Database\BaseConnection.php(391): CodeIgniter\Database\MySQLi\Connection->connect(false)
#2 D:\XAMPP\htdocs\quantanics_website-main\system\Database\BaseConnection.php(573): CodeIgniter\Database\BaseConnection->initialize()
#3 D:\XAMPP\htdocs\quantanics_website-main\system\Database\BaseBuilder.php(1616): CodeIgniter\Database\BaseConnection->query('SELECT *\nFROM `...', Array, false)
#4 D:\XAMPP\htdocs\quantanics_website-main\app\Models\Intern_Model.php(81): CodeIgniter\Database\BaseBuilder->get()
#5 D:\XAMPP\htdocs\quantanics_website-main\app\Controllers\Intern_controller.php(128): App\Models\Intern_Model->login_intern('910019104020', '2002-06-03')
#6 D:\XAMPP\htdocs\quantanics_website-main\system\CodeIgniter.php(934): App\Controllers\Intern_controller->intern_login()
#7 D:\XAMPP\htdocs\quantanics_website-main\system\CodeIgniter.php(499): CodeIgniter\CodeIgniter->runController(Object(App\Controllers\Intern_controller))
#8 D:\XAMPP\htdocs\quantanics_website-main\system\CodeIgniter.php(368): CodeIgniter\CodeIgniter->handleRequest(NULL, Object(Config\Cache), false)
#9 D:\XAMPP\htdocs\quantanics_website-main\public\index.php(67): CodeIgniter\CodeIgniter->run()
#10 {main}

Next CodeIgniter\Database\Exceptions\DatabaseException: Unknown database 'quantanics' in D:\XAMPP\htdocs\quantanics_website-main\system\Database\MySQLi\Connection.php:218
Stack trace:
#0 D:\XAMPP\htdocs\quantanics_website-main\system\Database\BaseConnection.php(391): CodeIgniter\Database\MySQLi\Connection->connect(false)
#1 D:\XAMPP\htdocs\quantanics_website-main\system\Database\BaseConnection.php(573): CodeIgniter\Database\BaseConnection->initialize()
#2 D:\XAMPP\htdocs\quantanics_website-main\system\Database\BaseBuilder.php(1616): CodeIgniter\Database\BaseConnection->query('SELECT *\nFROM `...', Array, false)
#3 D:\XAMPP\htdocs\quantanics_website-main\app\Models\Intern_Model.php(81): CodeIgniter\Database\BaseBuilder->get()
#4 D:\XAMPP\htdocs\quantanics_website-main\app\Controllers\Intern_controller.php(128): App\Models\Intern_Model->login_intern('910019104020', '2002-06-03')
#5 D:\XAMPP\htdocs\quantanics_website-main\system\CodeIgniter.php(934): App\Controllers\Intern_controller->intern_login()
#6 D:\XAMPP\htdocs\quantanics_website-main\system\CodeIgniter.php(499): CodeIgniter\CodeIgniter->runController(Object(App\Controllers\Intern_controller))
#7 D:\XAMPP\htdocs\quantanics_website-main\system\CodeIgniter.php(368): CodeIgniter\CodeIgniter->handleRequest(NULL, Object(Config\Cache), false)
#8 D:\XAMPP\htdocs\quantanics_website-main\public\index.php(67): CodeIgniter\CodeIgniter->run()
#9 {main}
CRITICAL - 2023-04-21 09:27:22 --> Unable to connect to the database.
Main connection [MySQLi]: Unknown database 'quantanics'
in SYSTEMPATH\Database\BaseConnection.php on line 427.
 1 SYSTEMPATH\Database\BaseConnection.php(573): CodeIgniter\Database\BaseConnection->initialize()
 2 SYSTEMPATH\Database\BaseBuilder.php(1616): CodeIgniter\Database\BaseConnection->query('SELECT *
FROM `intern_table`
WHERE `regno` = :regno:
AND `dob` = :dob:', [...], false)
 3 APPPATH\Models\Intern_Model.php(81): CodeIgniter\Database\BaseBuilder->get()
 4 APPPATH\Controllers\Intern_controller.php(128): App\Models\Intern_Model->login_intern('910019104020', '2002-06-03')
 5 SYSTEMPATH\CodeIgniter.php(934): App\Controllers\Intern_controller->intern_login()
 6 SYSTEMPATH\CodeIgniter.php(499): CodeIgniter\CodeIgniter->runController(Object(App\Controllers\Intern_controller))
 7 SYSTEMPATH\CodeIgniter.php(368): CodeIgniter\CodeIgniter->handleRequest(null, Object(Config\Cache), false)
 8 FCPATH\index.php(67): CodeIgniter\CodeIgniter->run()
ERROR - 2023-04-21 10:41:16 --> Error connecting to the database: mysqli_sql_exception: Unknown database 'quantanics' in D:\XAMPP\htdocs\quantanics_website-main\system\Database\MySQLi\Connection.php:173
Stack trace:
#0 D:\XAMPP\htdocs\quantanics_website-main\system\Database\MySQLi\Connection.php(173): mysqli->real_connect('localhost', 'root', Object(SensitiveParameterValue), 'quantanics', 3306, '', 0)
#1 D:\XAMPP\htdocs\quantanics_website-main\system\Database\BaseConnection.php(391): CodeIgniter\Database\MySQLi\Connection->connect(false)
#2 D:\XAMPP\htdocs\quantanics_website-main\system\Database\BaseConnection.php(573): CodeIgniter\Database\BaseConnection->initialize()
#3 D:\XAMPP\htdocs\quantanics_website-main\system\Database\BaseBuilder.php(1616): CodeIgniter\Database\BaseConnection->query('SELECT *\nFROM `...', Array, false)
#4 D:\XAMPP\htdocs\quantanics_website-main\app\Models\Intern_Model.php(81): CodeIgniter\Database\BaseBuilder->get()
#5 D:\XAMPP\htdocs\quantanics_website-main\app\Controllers\Intern_controller.php(128): App\Models\Intern_Model->login_intern('910019104020', '2002-06-03')
#6 D:\XAMPP\htdocs\quantanics_website-main\system\CodeIgniter.php(934): App\Controllers\Intern_controller->intern_login()
#7 D:\XAMPP\htdocs\quantanics_website-main\system\CodeIgniter.php(499): CodeIgniter\CodeIgniter->runController(Object(App\Controllers\Intern_controller))
#8 D:\XAMPP\htdocs\quantanics_website-main\system\CodeIgniter.php(368): CodeIgniter\CodeIgniter->handleRequest(NULL, Object(Config\Cache), false)
#9 D:\XAMPP\htdocs\quantanics_website-main\public\index.php(67): CodeIgniter\CodeIgniter->run()
#10 {main}

Next CodeIgniter\Database\Exceptions\DatabaseException: Unknown database 'quantanics' in D:\XAMPP\htdocs\quantanics_website-main\system\Database\MySQLi\Connection.php:218
Stack trace:
#0 D:\XAMPP\htdocs\quantanics_website-main\system\Database\BaseConnection.php(391): CodeIgniter\Database\MySQLi\Connection->connect(false)
#1 D:\XAMPP\htdocs\quantanics_website-main\system\Database\BaseConnection.php(573): CodeIgniter\Database\BaseConnection->initialize()
#2 D:\XAMPP\htdocs\quantanics_website-main\system\Database\BaseBuilder.php(1616): CodeIgniter\Database\BaseConnection->query('SELECT *\nFROM `...', Array, false)
#3 D:\XAMPP\htdocs\quantanics_website-main\app\Models\Intern_Model.php(81): CodeIgniter\Database\BaseBuilder->get()
#4 D:\XAMPP\htdocs\quantanics_website-main\app\Controllers\Intern_controller.php(128): App\Models\Intern_Model->login_intern('910019104020', '2002-06-03')
#5 D:\XAMPP\htdocs\quantanics_website-main\system\CodeIgniter.php(934): App\Controllers\Intern_controller->intern_login()
#6 D:\XAMPP\htdocs\quantanics_website-main\system\CodeIgniter.php(499): CodeIgniter\CodeIgniter->runController(Object(App\Controllers\Intern_controller))
#7 D:\XAMPP\htdocs\quantanics_website-main\system\CodeIgniter.php(368): CodeIgniter\CodeIgniter->handleRequest(NULL, Object(Config\Cache), false)
#8 D:\XAMPP\htdocs\quantanics_website-main\public\index.php(67): CodeIgniter\CodeIgniter->run()
#9 {main}
CRITICAL - 2023-04-21 10:41:16 --> Unable to connect to the database.
Main connection [MySQLi]: Unknown database 'quantanics'
in SYSTEMPATH\Database\BaseConnection.php on line 427.
 1 SYSTEMPATH\Database\BaseConnection.php(573): CodeIgniter\Database\BaseConnection->initialize()
 2 SYSTEMPATH\Database\BaseBuilder.php(1616): CodeIgniter\Database\BaseConnection->query('SELECT *
FROM `intern_table`
WHERE `regno` = :regno:
AND `dob` = :dob:', [...], false)
 3 APPPATH\Models\Intern_Model.php(81): CodeIgniter\Database\BaseBuilder->get()
 4 APPPATH\Controllers\Intern_controller.php(128): App\Models\Intern_Model->login_intern('910019104020', '2002-06-03')
 5 SYSTEMPATH\CodeIgniter.php(934): App\Controllers\Intern_controller->intern_login()
 6 SYSTEMPATH\CodeIgniter.php(499): CodeIgniter\CodeIgniter->runController(Object(App\Controllers\Intern_controller))
 7 SYSTEMPATH\CodeIgniter.php(368): CodeIgniter\CodeIgniter->handleRequest(null, Object(Config\Cache), false)
 8 FCPATH\index.php(67): CodeIgniter\CodeIgniter->run()
ERROR - 2023-04-21 10:41:19 --> Error connecting to the database: mysqli_sql_exception: Unknown database 'quantanics' in D:\XAMPP\htdocs\quantanics_website-main\system\Database\MySQLi\Connection.php:173
Stack trace:
#0 D:\XAMPP\htdocs\quantanics_website-main\system\Database\MySQLi\Connection.php(173): mysqli->real_connect('localhost', 'root', Object(SensitiveParameterValue), 'quantanics', 3306, '', 0)
#1 D:\XAMPP\htdocs\quantanics_website-main\system\Database\BaseConnection.php(391): CodeIgniter\Database\MySQLi\Connection->connect(false)
#2 D:\XAMPP\htdocs\quantanics_website-main\system\Database\BaseConnection.php(573): CodeIgniter\Database\BaseConnection->initialize()
#3 D:\XAMPP\htdocs\quantanics_website-main\system\Database\BaseBuilder.php(1616): CodeIgniter\Database\BaseConnection->query('SELECT *\nFROM `...', Array, false)
#4 D:\XAMPP\htdocs\quantanics_website-main\app\Models\Intern_Model.php(81): CodeIgniter\Database\BaseBuilder->get()
#5 D:\XAMPP\htdocs\quantanics_website-main\app\Controllers\Intern_controller.php(128): App\Models\Intern_Model->login_intern('910019104020', '2002-06-03')
#6 D:\XAMPP\htdocs\quantanics_website-main\system\CodeIgniter.php(934): App\Controllers\Intern_controller->intern_login()
#7 D:\XAMPP\htdocs\quantanics_website-main\system\CodeIgniter.php(499): CodeIgniter\CodeIgniter->runController(Object(App\Controllers\Intern_controller))
#8 D:\XAMPP\htdocs\quantanics_website-main\system\CodeIgniter.php(368): CodeIgniter\CodeIgniter->handleRequest(NULL, Object(Config\Cache), false)
#9 D:\XAMPP\htdocs\quantanics_website-main\public\index.php(67): CodeIgniter\CodeIgniter->run()
#10 {main}

Next CodeIgniter\Database\Exceptions\DatabaseException: Unknown database 'quantanics' in D:\XAMPP\htdocs\quantanics_website-main\system\Database\MySQLi\Connection.php:218
Stack trace:
#0 D:\XAMPP\htdocs\quantanics_website-main\system\Database\BaseConnection.php(391): CodeIgniter\Database\MySQLi\Connection->connect(false)
#1 D:\XAMPP\htdocs\quantanics_website-main\system\Database\BaseConnection.php(573): CodeIgniter\Database\BaseConnection->initialize()
#2 D:\XAMPP\htdocs\quantanics_website-main\system\Database\BaseBuilder.php(1616): CodeIgniter\Database\BaseConnection->query('SELECT *\nFROM `...', Array, false)
#3 D:\XAMPP\htdocs\quantanics_website-main\app\Models\Intern_Model.php(81): CodeIgniter\Database\BaseBuilder->get()
#4 D:\XAMPP\htdocs\quantanics_website-main\app\Controllers\Intern_controller.php(128): App\Models\Intern_Model->login_intern('910019104020', '2002-06-03')
#5 D:\XAMPP\htdocs\quantanics_website-main\system\CodeIgniter.php(934): App\Controllers\Intern_controller->intern_login()
#6 D:\XAMPP\htdocs\quantanics_website-main\system\CodeIgniter.php(499): CodeIgniter\CodeIgniter->runController(Object(App\Controllers\Intern_controller))
#7 D:\XAMPP\htdocs\quantanics_website-main\system\CodeIgniter.php(368): CodeIgniter\CodeIgniter->handleRequest(NULL, Object(Config\Cache), false)
#8 D:\XAMPP\htdocs\quantanics_website-main\public\index.php(67): CodeIgniter\CodeIgniter->run()
#9 {main}
CRITICAL - 2023-04-21 10:41:19 --> Unable to connect to the database.
Main connection [MySQLi]: Unknown database 'quantanics'
in SYSTEMPATH\Database\BaseConnection.php on line 427.
 1 SYSTEMPATH\Database\BaseConnection.php(573): CodeIgniter\Database\BaseConnection->initialize()
 2 SYSTEMPATH\Database\BaseBuilder.php(1616): CodeIgniter\Database\BaseConnection->query('SELECT *
FROM `intern_table`
WHERE `regno` = :regno:
AND `dob` = :dob:', [...], false)
 3 APPPATH\Models\Intern_Model.php(81): CodeIgniter\Database\BaseBuilder->get()
 4 APPPATH\Controllers\Intern_controller.php(128): App\Models\Intern_Model->login_intern('910019104020', '2002-06-03')
 5 SYSTEMPATH\CodeIgniter.php(934): App\Controllers\Intern_controller->intern_login()
 6 SYSTEMPATH\CodeIgniter.php(499): CodeIgniter\CodeIgniter->runController(Object(App\Controllers\Intern_controller))
 7 SYSTEMPATH\CodeIgniter.php(368): CodeIgniter\CodeIgniter->handleRequest(null, Object(Config\Cache), false)
 8 FCPATH\index.php(67): CodeIgniter\CodeIgniter->run()
ERROR - 2023-04-21 10:41:28 --> Error connecting to the database: mysqli_sql_exception: Unknown database 'quantanics' in D:\XAMPP\htdocs\quantanics_website-main\system\Database\MySQLi\Connection.php:173
Stack trace:
#0 D:\XAMPP\htdocs\quantanics_website-main\system\Database\MySQLi\Connection.php(173): mysqli->real_connect('localhost', 'root', Object(SensitiveParameterValue), 'quantanics', 3306, '', 0)
#1 D:\XAMPP\htdocs\quantanics_website-main\system\Database\BaseConnection.php(391): CodeIgniter\Database\MySQLi\Connection->connect(false)
#2 D:\XAMPP\htdocs\quantanics_website-main\system\Database\BaseConnection.php(573): CodeIgniter\Database\BaseConnection->initialize()
#3 D:\XAMPP\htdocs\quantanics_website-main\system\Database\BaseBuilder.php(1616): CodeIgniter\Database\BaseConnection->query('SELECT *\nFROM `...', Array, false)
#4 D:\XAMPP\htdocs\quantanics_website-main\app\Models\Intern_Model.php(81): CodeIgniter\Database\BaseBuilder->get()
#5 D:\XAMPP\htdocs\quantanics_website-main\app\Controllers\Intern_controller.php(128): App\Models\Intern_Model->login_intern('910019104020', '2002-06-03')
#6 D:\XAMPP\htdocs\quantanics_website-main\system\CodeIgniter.php(934): App\Controllers\Intern_controller->intern_login()
#7 D:\XAMPP\htdocs\quantanics_website-main\system\CodeIgniter.php(499): CodeIgniter\CodeIgniter->runController(Object(App\Controllers\Intern_controller))
#8 D:\XAMPP\htdocs\quantanics_website-main\system\CodeIgniter.php(368): CodeIgniter\CodeIgniter->handleRequest(NULL, Object(Config\Cache), false)
#9 D:\XAMPP\htdocs\quantanics_website-main\public\index.php(67): CodeIgniter\CodeIgniter->run()
#10 {main}

Next CodeIgniter\Database\Exceptions\DatabaseException: Unknown database 'quantanics' in D:\XAMPP\htdocs\quantanics_website-main\system\Database\MySQLi\Connection.php:218
Stack trace:
#0 D:\XAMPP\htdocs\quantanics_website-main\system\Database\BaseConnection.php(391): CodeIgniter\Database\MySQLi\Connection->connect(false)
#1 D:\XAMPP\htdocs\quantanics_website-main\system\Database\BaseConnection.php(573): CodeIgniter\Database\BaseConnection->initialize()
#2 D:\XAMPP\htdocs\quantanics_website-main\system\Database\BaseBuilder.php(1616): CodeIgniter\Database\BaseConnection->query('SELECT *\nFROM `...', Array, false)
#3 D:\XAMPP\htdocs\quantanics_website-main\app\Models\Intern_Model.php(81): CodeIgniter\Database\BaseBuilder->get()
#4 D:\XAMPP\htdocs\quantanics_website-main\app\Controllers\Intern_controller.php(128): App\Models\Intern_Model->login_intern('910019104020', '2002-06-03')
#5 D:\XAMPP\htdocs\quantanics_website-main\system\CodeIgniter.php(934): App\Controllers\Intern_controller->intern_login()
#6 D:\XAMPP\htdocs\quantanics_website-main\system\CodeIgniter.php(499): CodeIgniter\CodeIgniter->runController(Object(App\Controllers\Intern_controller))
#7 D:\XAMPP\htdocs\quantanics_website-main\system\CodeIgniter.php(368): CodeIgniter\CodeIgniter->handleRequest(NULL, Object(Config\Cache), false)
#8 D:\XAMPP\htdocs\quantanics_website-main\public\index.php(67): CodeIgniter\CodeIgniter->run()
#9 {main}
CRITICAL - 2023-04-21 10:41:28 --> Unable to connect to the database.
Main connection [MySQLi]: Unknown database 'quantanics'
in SYSTEMPATH\Database\BaseConnection.php on line 427.
 1 SYSTEMPATH\Database\BaseConnection.php(573): CodeIgniter\Database\BaseConnection->initialize()
 2 SYSTEMPATH\Database\BaseBuilder.php(1616): CodeIgniter\Database\BaseConnection->query('SELECT *
FROM `intern_table`
WHERE `regno` = :regno:
AND `dob` = :dob:', [...], false)
 3 APPPATH\Models\Intern_Model.php(81): CodeIgniter\Database\BaseBuilder->get()
 4 APPPATH\Controllers\Intern_controller.php(128): App\Models\Intern_Model->login_intern('910019104020', '2002-06-03')
 5 SYSTEMPATH\CodeIgniter.php(934): App\Controllers\Intern_controller->intern_login()
 6 SYSTEMPATH\CodeIgniter.php(499): CodeIgniter\CodeIgniter->runController(Object(App\Controllers\Intern_controller))
 7 SYSTEMPATH\CodeIgniter.php(368): CodeIgniter\CodeIgniter->handleRequest(null, Object(Config\Cache), false)
 8 FCPATH\index.php(67): CodeIgniter\CodeIgniter->run()
