CRITICAL - 2023-04-08 07:12:39 --> The framework needs the following extension(s) installed and loaded: intl.
in SYSTEMPATH\CodeIgniter.php on line 226.
 1 SYSTEMPATH\CodeIgniter.php(226): CodeIgniter\Exceptions\FrameworkException::forMissingExtension('intl')
 2 SYSTEMPATH\CodeIgniter.php(190): CodeIgniter\CodeIgniter->resolvePlatformExtensions()
 3 FCPATH\index.php(55): CodeIgniter\CodeIgniter->initialize()
CRITICAL - 2023-04-08 07:13:28 --> The framework needs the following extension(s) installed and loaded: intl.
in SYSTEMPATH\CodeIgniter.php on line 226.
 1 SYSTEMPATH\CodeIgniter.php(226): CodeIgniter\Exceptions\FrameworkException::forMissingExtension('intl')
 2 SYSTEMPATH\CodeIgniter.php(190): CodeIgniter\CodeIgniter->resolvePlatformExtensions()
 3 FCPATH\index.php(55): CodeIgniter\CodeIgniter->initialize()
CRITICAL - 2023-04-08 05:39:37 --> Call to a member function getSize() on null
in APPPATH\Controllers\Intern_controller.php on line 48.
 1 SYSTEMPATH\CodeIgniter.php(934): App\Controllers\Intern_controller->demo_reg()
 2 SYSTEMPATH\CodeIgniter.php(499): CodeIgniter\CodeIgniter->runController(Object(App\Controllers\Intern_controller))
 3 SYSTEMPATH\CodeIgniter.php(368): CodeIgniter\CodeIgniter->handleRequest(null, Object(Config\Cache), false)
 4 FCPATH\index.php(67): CodeIgniter\CodeIgniter->run()
ERROR - 2023-04-08 06:38:13 --> Error connecting to the database: mysqli_sql_exception: Unknown database 'quantanis' in C:\xampp\htdocs\quantanics_website1\system\Database\MySQLi\Connection.php:173
Stack trace:
#0 C:\xampp\htdocs\quantanics_website1\system\Database\MySQLi\Connection.php(173): mysqli->real_connect('localhost', 'root', Object(SensitiveParameterValue), 'quantanis', 3306, '', 0)
#1 C:\xampp\htdocs\quantanics_website1\system\Database\BaseConnection.php(391): CodeIgniter\Database\MySQLi\Connection->connect(false)
#2 C:\xampp\htdocs\quantanics_website1\system\Database\BaseConnection.php(573): CodeIgniter\Database\BaseConnection->initialize()
#3 C:\xampp\htdocs\quantanics_website1\system\Database\BaseBuilder.php(1616): CodeIgniter\Database\BaseConnection->query('SELECT *\nFROM `...', Array, false)
#4 C:\xampp\htdocs\quantanics_website1\app\Models\Intern_Model.php(138): CodeIgniter\Database\BaseBuilder->get()
#5 C:\xampp\htdocs\quantanics_website1\app\Controllers\Intern_controller.php(182): App\Models\Intern_Model->get_intern_msg_records()
#6 C:\xampp\htdocs\quantanics_website1\system\CodeIgniter.php(934): App\Controllers\Intern_controller->intern_msg_retrive()
#7 C:\xampp\htdocs\quantanics_website1\system\CodeIgniter.php(499): CodeIgniter\CodeIgniter->runController(Object(App\Controllers\Intern_controller))
#8 C:\xampp\htdocs\quantanics_website1\system\CodeIgniter.php(368): CodeIgniter\CodeIgniter->handleRequest(NULL, Object(Config\Cache), false)
#9 C:\xampp\htdocs\quantanics_website1\public\index.php(67): CodeIgniter\CodeIgniter->run()
#10 {main}

Next CodeIgniter\Database\Exceptions\DatabaseException: Unknown database 'quantanis' in C:\xampp\htdocs\quantanics_website1\system\Database\MySQLi\Connection.php:218
Stack trace:
#0 C:\xampp\htdocs\quantanics_website1\system\Database\BaseConnection.php(391): CodeIgniter\Database\MySQLi\Connection->connect(false)
#1 C:\xampp\htdocs\quantanics_website1\system\Database\BaseConnection.php(573): CodeIgniter\Database\BaseConnection->initialize()
#2 C:\xampp\htdocs\quantanics_website1\system\Database\BaseBuilder.php(1616): CodeIgniter\Database\BaseConnection->query('SELECT *\nFROM `...', Array, false)
#3 C:\xampp\htdocs\quantanics_website1\app\Models\Intern_Model.php(138): CodeIgniter\Database\BaseBuilder->get()
#4 C:\xampp\htdocs\quantanics_website1\app\Controllers\Intern_controller.php(182): App\Models\Intern_Model->get_intern_msg_records()
#5 C:\xampp\htdocs\quantanics_website1\system\CodeIgniter.php(934): App\Controllers\Intern_controller->intern_msg_retrive()
#6 C:\xampp\htdocs\quantanics_website1\system\CodeIgniter.php(499): CodeIgniter\CodeIgniter->runController(Object(App\Controllers\Intern_controller))
#7 C:\xampp\htdocs\quantanics_website1\system\CodeIgniter.php(368): CodeIgniter\CodeIgniter->handleRequest(NULL, Object(Config\Cache), false)
#8 C:\xampp\htdocs\quantanics_website1\public\index.php(67): CodeIgniter\CodeIgniter->run()
#9 {main}
CRITICAL - 2023-04-08 06:38:13 --> Unable to connect to the database.
Main connection [MySQLi]: Unknown database 'quantanis'
in SYSTEMPATH\Database\BaseConnection.php on line 427.
 1 SYSTEMPATH\Database\BaseConnection.php(573): CodeIgniter\Database\BaseConnection->initialize()
 2 SYSTEMPATH\Database\BaseBuilder.php(1616): CodeIgniter\Database\BaseConnection->query('SELECT *
FROM `message_table`', [], false)
 3 APPPATH\Models\Intern_Model.php(138): CodeIgniter\Database\BaseBuilder->get()
 4 APPPATH\Controllers\Intern_controller.php(182): App\Models\Intern_Model->get_intern_msg_records()
 5 SYSTEMPATH\CodeIgniter.php(934): App\Controllers\Intern_controller->intern_msg_retrive()
 6 SYSTEMPATH\CodeIgniter.php(499): CodeIgniter\CodeIgniter->runController(Object(App\Controllers\Intern_controller))
 7 SYSTEMPATH\CodeIgniter.php(368): CodeIgniter\CodeIgniter->handleRequest(null, Object(Config\Cache), false)
 8 FCPATH\index.php(67): CodeIgniter\CodeIgniter->run()
ERROR - 2023-04-08 06:38:13 --> Error connecting to the database: mysqli_sql_exception: Unknown database 'quantanis' in C:\xampp\htdocs\quantanics_website1\system\Database\MySQLi\Connection.php:173
Stack trace:
#0 C:\xampp\htdocs\quantanics_website1\system\Database\MySQLi\Connection.php(173): mysqli->real_connect('localhost', 'root', Object(SensitiveParameterValue), 'quantanis', 3306, '', 0)
#1 C:\xampp\htdocs\quantanics_website1\system\Database\BaseConnection.php(391): CodeIgniter\Database\MySQLi\Connection->connect(false)
#2 C:\xampp\htdocs\quantanics_website1\system\Database\BaseConnection.php(573): CodeIgniter\Database\BaseConnection->initialize()
#3 C:\xampp\htdocs\quantanics_website1\system\Database\BaseBuilder.php(1616): CodeIgniter\Database\BaseConnection->query('SELECT *\nFROM `...', Array, false)
#4 C:\xampp\htdocs\quantanics_website1\app\Models\Intern_Model.php(102): CodeIgniter\Database\BaseBuilder->get()
#5 C:\xampp\htdocs\quantanics_website1\app\Controllers\Intern_controller.php(148): App\Models\Intern_Model->getintern_data('')
#6 C:\xampp\htdocs\quantanics_website1\system\CodeIgniter.php(934): App\Controllers\Intern_controller->getdata()
#7 C:\xampp\htdocs\quantanics_website1\system\CodeIgniter.php(499): CodeIgniter\CodeIgniter->runController(Object(App\Controllers\Intern_controller))
#8 C:\xampp\htdocs\quantanics_website1\system\CodeIgniter.php(368): CodeIgniter\CodeIgniter->handleRequest(NULL, Object(Config\Cache), false)
#9 C:\xampp\htdocs\quantanics_website1\public\index.php(67): CodeIgniter\CodeIgniter->run()
#10 {main}

Next CodeIgniter\Database\Exceptions\DatabaseException: Unknown database 'quantanis' in C:\xampp\htdocs\quantanics_website1\system\Database\MySQLi\Connection.php:218
Stack trace:
#0 C:\xampp\htdocs\quantanics_website1\system\Database\BaseConnection.php(391): CodeIgniter\Database\MySQLi\Connection->connect(false)
#1 C:\xampp\htdocs\quantanics_website1\system\Database\BaseConnection.php(573): CodeIgniter\Database\BaseConnection->initialize()
#2 C:\xampp\htdocs\quantanics_website1\system\Database\BaseBuilder.php(1616): CodeIgniter\Database\BaseConnection->query('SELECT *\nFROM `...', Array, false)
#3 C:\xampp\htdocs\quantanics_website1\app\Models\Intern_Model.php(102): CodeIgniter\Database\BaseBuilder->get()
#4 C:\xampp\htdocs\quantanics_website1\app\Controllers\Intern_controller.php(148): App\Models\Intern_Model->getintern_data('')
#5 C:\xampp\htdocs\quantanics_website1\system\CodeIgniter.php(934): App\Controllers\Intern_controller->getdata()
#6 C:\xampp\htdocs\quantanics_website1\system\CodeIgniter.php(499): CodeIgniter\CodeIgniter->runController(Object(App\Controllers\Intern_controller))
#7 C:\xampp\htdocs\quantanics_website1\system\CodeIgniter.php(368): CodeIgniter\CodeIgniter->handleRequest(NULL, Object(Config\Cache), false)
#8 C:\xampp\htdocs\quantanics_website1\public\index.php(67): CodeIgniter\CodeIgniter->run()
#9 {main}
CRITICAL - 2023-04-08 06:38:13 --> Unable to connect to the database.
Main connection [MySQLi]: Unknown database 'quantanis'
in SYSTEMPATH\Database\BaseConnection.php on line 427.
 1 SYSTEMPATH\Database\BaseConnection.php(573): CodeIgniter\Database\BaseConnection->initialize()
 2 SYSTEMPATH\Database\BaseBuilder.php(1616): CodeIgniter\Database\BaseConnection->query('SELECT *
FROM `intern_table`
WHERE `intern_id` = :intern_id:', [...], false)
 3 APPPATH\Models\Intern_Model.php(102): CodeIgniter\Database\BaseBuilder->get()
 4 APPPATH\Controllers\Intern_controller.php(148): App\Models\Intern_Model->getintern_data('ROOTPATH\\public')
 5 SYSTEMPATH\CodeIgniter.php(934): App\Controllers\Intern_controller->getdata()
 6 SYSTEMPATH\CodeIgniter.php(499): CodeIgniter\CodeIgniter->runController(Object(App\Controllers\Intern_controller))
 7 SYSTEMPATH\CodeIgniter.php(368): CodeIgniter\CodeIgniter->handleRequest(null, Object(Config\Cache), false)
 8 FCPATH\index.php(67): CodeIgniter\CodeIgniter->run()
ERROR - 2023-04-08 06:42:01 --> Error connecting to the database: mysqli_sql_exception: Unknown database 'quantanis' in C:\xampp\htdocs\quantanics_website1\system\Database\MySQLi\Connection.php:173
Stack trace:
#0 C:\xampp\htdocs\quantanics_website1\system\Database\MySQLi\Connection.php(173): mysqli->real_connect('localhost', 'root', Object(SensitiveParameterValue), 'quantanis', 3306, '', 0)
#1 C:\xampp\htdocs\quantanics_website1\system\Database\BaseConnection.php(391): CodeIgniter\Database\MySQLi\Connection->connect(false)
#2 C:\xampp\htdocs\quantanics_website1\system\Database\BaseConnection.php(573): CodeIgniter\Database\BaseConnection->initialize()
#3 C:\xampp\htdocs\quantanics_website1\system\Database\BaseBuilder.php(1616): CodeIgniter\Database\BaseConnection->query('SELECT *\nFROM `...', Array, false)
#4 C:\xampp\htdocs\quantanics_website1\app\Models\Intern_Model.php(102): CodeIgniter\Database\BaseBuilder->get()
#5 C:\xampp\htdocs\quantanics_website1\app\Controllers\Intern_controller.php(148): App\Models\Intern_Model->getintern_data('')
#6 C:\xampp\htdocs\quantanics_website1\system\CodeIgniter.php(934): App\Controllers\Intern_controller->getdata()
#7 C:\xampp\htdocs\quantanics_website1\system\CodeIgniter.php(499): CodeIgniter\CodeIgniter->runController(Object(App\Controllers\Intern_controller))
#8 C:\xampp\htdocs\quantanics_website1\system\CodeIgniter.php(368): CodeIgniter\CodeIgniter->handleRequest(NULL, Object(Config\Cache), false)
#9 C:\xampp\htdocs\quantanics_website1\public\index.php(67): CodeIgniter\CodeIgniter->run()
#10 {main}

Next CodeIgniter\Database\Exceptions\DatabaseException: Unknown database 'quantanis' in C:\xampp\htdocs\quantanics_website1\system\Database\MySQLi\Connection.php:218
Stack trace:
#0 C:\xampp\htdocs\quantanics_website1\system\Database\BaseConnection.php(391): CodeIgniter\Database\MySQLi\Connection->connect(false)
#1 C:\xampp\htdocs\quantanics_website1\system\Database\BaseConnection.php(573): CodeIgniter\Database\BaseConnection->initialize()
#2 C:\xampp\htdocs\quantanics_website1\system\Database\BaseBuilder.php(1616): CodeIgniter\Database\BaseConnection->query('SELECT *\nFROM `...', Array, false)
#3 C:\xampp\htdocs\quantanics_website1\app\Models\Intern_Model.php(102): CodeIgniter\Database\BaseBuilder->get()
#4 C:\xampp\htdocs\quantanics_website1\app\Controllers\Intern_controller.php(148): App\Models\Intern_Model->getintern_data('')
#5 C:\xampp\htdocs\quantanics_website1\system\CodeIgniter.php(934): App\Controllers\Intern_controller->getdata()
#6 C:\xampp\htdocs\quantanics_website1\system\CodeIgniter.php(499): CodeIgniter\CodeIgniter->runController(Object(App\Controllers\Intern_controller))
#7 C:\xampp\htdocs\quantanics_website1\system\CodeIgniter.php(368): CodeIgniter\CodeIgniter->handleRequest(NULL, Object(Config\Cache), false)
#8 C:\xampp\htdocs\quantanics_website1\public\index.php(67): CodeIgniter\CodeIgniter->run()
#9 {main}
CRITICAL - 2023-04-08 06:42:01 --> Unable to connect to the database.
Main connection [MySQLi]: Unknown database 'quantanis'
in SYSTEMPATH\Database\BaseConnection.php on line 427.
 1 SYSTEMPATH\Database\BaseConnection.php(573): CodeIgniter\Database\BaseConnection->initialize()
 2 SYSTEMPATH\Database\BaseBuilder.php(1616): CodeIgniter\Database\BaseConnection->query('SELECT *
FROM `intern_table`
WHERE `intern_id` = :intern_id:', [...], false)
 3 APPPATH\Models\Intern_Model.php(102): CodeIgniter\Database\BaseBuilder->get()
 4 APPPATH\Controllers\Intern_controller.php(148): App\Models\Intern_Model->getintern_data('ROOTPATH\\public')
 5 SYSTEMPATH\CodeIgniter.php(934): App\Controllers\Intern_controller->getdata()
 6 SYSTEMPATH\CodeIgniter.php(499): CodeIgniter\CodeIgniter->runController(Object(App\Controllers\Intern_controller))
 7 SYSTEMPATH\CodeIgniter.php(368): CodeIgniter\CodeIgniter->handleRequest(null, Object(Config\Cache), false)
 8 FCPATH\index.php(67): CodeIgniter\CodeIgniter->run()
ERROR - 2023-04-08 06:42:01 --> Error connecting to the database: mysqli_sql_exception: Unknown database 'quantanis' in C:\xampp\htdocs\quantanics_website1\system\Database\MySQLi\Connection.php:173
Stack trace:
#0 C:\xampp\htdocs\quantanics_website1\system\Database\MySQLi\Connection.php(173): mysqli->real_connect('localhost', 'root', Object(SensitiveParameterValue), 'quantanis', 3306, '', 0)
#1 C:\xampp\htdocs\quantanics_website1\system\Database\BaseConnection.php(391): CodeIgniter\Database\MySQLi\Connection->connect(false)
#2 C:\xampp\htdocs\quantanics_website1\system\Database\BaseConnection.php(573): CodeIgniter\Database\BaseConnection->initialize()
#3 C:\xampp\htdocs\quantanics_website1\system\Database\BaseBuilder.php(1616): CodeIgniter\Database\BaseConnection->query('SELECT *\nFROM `...', Array, false)
#4 C:\xampp\htdocs\quantanics_website1\app\Models\Intern_Model.php(138): CodeIgniter\Database\BaseBuilder->get()
#5 C:\xampp\htdocs\quantanics_website1\app\Controllers\Intern_controller.php(182): App\Models\Intern_Model->get_intern_msg_records()
#6 C:\xampp\htdocs\quantanics_website1\system\CodeIgniter.php(934): App\Controllers\Intern_controller->intern_msg_retrive()
#7 C:\xampp\htdocs\quantanics_website1\system\CodeIgniter.php(499): CodeIgniter\CodeIgniter->runController(Object(App\Controllers\Intern_controller))
#8 C:\xampp\htdocs\quantanics_website1\system\CodeIgniter.php(368): CodeIgniter\CodeIgniter->handleRequest(NULL, Object(Config\Cache), false)
#9 C:\xampp\htdocs\quantanics_website1\public\index.php(67): CodeIgniter\CodeIgniter->run()
#10 {main}

Next CodeIgniter\Database\Exceptions\DatabaseException: Unknown database 'quantanis' in C:\xampp\htdocs\quantanics_website1\system\Database\MySQLi\Connection.php:218
Stack trace:
#0 C:\xampp\htdocs\quantanics_website1\system\Database\BaseConnection.php(391): CodeIgniter\Database\MySQLi\Connection->connect(false)
#1 C:\xampp\htdocs\quantanics_website1\system\Database\BaseConnection.php(573): CodeIgniter\Database\BaseConnection->initialize()
#2 C:\xampp\htdocs\quantanics_website1\system\Database\BaseBuilder.php(1616): CodeIgniter\Database\BaseConnection->query('SELECT *\nFROM `...', Array, false)
#3 C:\xampp\htdocs\quantanics_website1\app\Models\Intern_Model.php(138): CodeIgniter\Database\BaseBuilder->get()
#4 C:\xampp\htdocs\quantanics_website1\app\Controllers\Intern_controller.php(182): App\Models\Intern_Model->get_intern_msg_records()
#5 C:\xampp\htdocs\quantanics_website1\system\CodeIgniter.php(934): App\Controllers\Intern_controller->intern_msg_retrive()
#6 C:\xampp\htdocs\quantanics_website1\system\CodeIgniter.php(499): CodeIgniter\CodeIgniter->runController(Object(App\Controllers\Intern_controller))
#7 C:\xampp\htdocs\quantanics_website1\system\CodeIgniter.php(368): CodeIgniter\CodeIgniter->handleRequest(NULL, Object(Config\Cache), false)
#8 C:\xampp\htdocs\quantanics_website1\public\index.php(67): CodeIgniter\CodeIgniter->run()
#9 {main}
CRITICAL - 2023-04-08 06:42:01 --> Unable to connect to the database.
Main connection [MySQLi]: Unknown database 'quantanis'
in SYSTEMPATH\Database\BaseConnection.php on line 427.
 1 SYSTEMPATH\Database\BaseConnection.php(573): CodeIgniter\Database\BaseConnection->initialize()
 2 SYSTEMPATH\Database\BaseBuilder.php(1616): CodeIgniter\Database\BaseConnection->query('SELECT *
FROM `message_table`', [], false)
 3 APPPATH\Models\Intern_Model.php(138): CodeIgniter\Database\BaseBuilder->get()
 4 APPPATH\Controllers\Intern_controller.php(182): App\Models\Intern_Model->get_intern_msg_records()
 5 SYSTEMPATH\CodeIgniter.php(934): App\Controllers\Intern_controller->intern_msg_retrive()
 6 SYSTEMPATH\CodeIgniter.php(499): CodeIgniter\CodeIgniter->runController(Object(App\Controllers\Intern_controller))
 7 SYSTEMPATH\CodeIgniter.php(368): CodeIgniter\CodeIgniter->handleRequest(null, Object(Config\Cache), false)
 8 FCPATH\index.php(67): CodeIgniter\CodeIgniter->run()
ERROR - 2023-04-08 06:45:13 --> Error connecting to the database: mysqli_sql_exception: Unknown database 'quantanis' in C:\xampp\htdocs\quantanics_website1\system\Database\MySQLi\Connection.php:173
Stack trace:
#0 C:\xampp\htdocs\quantanics_website1\system\Database\MySQLi\Connection.php(173): mysqli->real_connect('localhost', 'root', Object(SensitiveParameterValue), 'quantanis', 3306, '', 0)
#1 C:\xampp\htdocs\quantanics_website1\system\Database\BaseConnection.php(391): CodeIgniter\Database\MySQLi\Connection->connect(false)
#2 C:\xampp\htdocs\quantanics_website1\system\Database\BaseConnection.php(573): CodeIgniter\Database\BaseConnection->initialize()
#3 C:\xampp\htdocs\quantanics_website1\system\Database\BaseBuilder.php(1616): CodeIgniter\Database\BaseConnection->query('SELECT *\nFROM `...', Array, false)
#4 C:\xampp\htdocs\quantanics_website1\app\Models\Intern_Model.php(21): CodeIgniter\Database\BaseBuilder->get()
#5 C:\xampp\htdocs\quantanics_website1\app\Controllers\Intern_controller.php(20): App\Models\Intern_Model->get_intern_id()
#6 C:\xampp\htdocs\quantanics_website1\app\Controllers\Intern_controller.php(52): App\Controllers\Intern_controller->generate_intern_id()
#7 C:\xampp\htdocs\quantanics_website1\system\CodeIgniter.php(934): App\Controllers\Intern_controller->demo_reg()
#8 C:\xampp\htdocs\quantanics_website1\system\CodeIgniter.php(499): CodeIgniter\CodeIgniter->runController(Object(App\Controllers\Intern_controller))
#9 C:\xampp\htdocs\quantanics_website1\system\CodeIgniter.php(368): CodeIgniter\CodeIgniter->handleRequest(NULL, Object(Config\Cache), false)
#10 C:\xampp\htdocs\quantanics_website1\public\index.php(67): CodeIgniter\CodeIgniter->run()
#11 {main}

Next CodeIgniter\Database\Exceptions\DatabaseException: Unknown database 'quantanis' in C:\xampp\htdocs\quantanics_website1\system\Database\MySQLi\Connection.php:218
Stack trace:
#0 C:\xampp\htdocs\quantanics_website1\system\Database\BaseConnection.php(391): CodeIgniter\Database\MySQLi\Connection->connect(false)
#1 C:\xampp\htdocs\quantanics_website1\system\Database\BaseConnection.php(573): CodeIgniter\Database\BaseConnection->initialize()
#2 C:\xampp\htdocs\quantanics_website1\system\Database\BaseBuilder.php(1616): CodeIgniter\Database\BaseConnection->query('SELECT *\nFROM `...', Array, false)
#3 C:\xampp\htdocs\quantanics_website1\app\Models\Intern_Model.php(21): CodeIgniter\Database\BaseBuilder->get()
#4 C:\xampp\htdocs\quantanics_website1\app\Controllers\Intern_controller.php(20): App\Models\Intern_Model->get_intern_id()
#5 C:\xampp\htdocs\quantanics_website1\app\Controllers\Intern_controller.php(52): App\Controllers\Intern_controller->generate_intern_id()
#6 C:\xampp\htdocs\quantanics_website1\system\CodeIgniter.php(934): App\Controllers\Intern_controller->demo_reg()
#7 C:\xampp\htdocs\quantanics_website1\system\CodeIgniter.php(499): CodeIgniter\CodeIgniter->runController(Object(App\Controllers\Intern_controller))
#8 C:\xampp\htdocs\quantanics_website1\system\CodeIgniter.php(368): CodeIgniter\CodeIgniter->handleRequest(NULL, Object(Config\Cache), false)
#9 C:\xampp\htdocs\quantanics_website1\public\index.php(67): CodeIgniter\CodeIgniter->run()
#10 {main}
CRITICAL - 2023-04-08 06:45:13 --> Unable to connect to the database.
Main connection [MySQLi]: Unknown database 'quantanis'
in SYSTEMPATH\Database\BaseConnection.php on line 427.
 1 SYSTEMPATH\Database\BaseConnection.php(573): CodeIgniter\Database\BaseConnection->initialize()
 2 SYSTEMPATH\Database\BaseBuilder.php(1616): CodeIgniter\Database\BaseConnection->query('SELECT *
FROM `intern_table`', [], false)
 3 APPPATH\Models\Intern_Model.php(21): CodeIgniter\Database\BaseBuilder->get()
 4 APPPATH\Controllers\Intern_controller.php(20): App\Models\Intern_Model->get_intern_id()
 5 APPPATH\Controllers\Intern_controller.php(52): App\Controllers\Intern_controller->generate_intern_id()
 6 SYSTEMPATH\CodeIgniter.php(934): App\Controllers\Intern_controller->demo_reg()
 7 SYSTEMPATH\CodeIgniter.php(499): CodeIgniter\CodeIgniter->runController(Object(App\Controllers\Intern_controller))
 8 SYSTEMPATH\CodeIgniter.php(368): CodeIgniter\CodeIgniter->handleRequest(null, Object(Config\Cache), false)
 9 FCPATH\index.php(67): CodeIgniter\CodeIgniter->run()
ERROR - 2023-04-08 06:47:59 --> Error connecting to the database: mysqli_sql_exception: Unknown database 'quantancis' in C:\xampp\htdocs\quantanics_website1\system\Database\MySQLi\Connection.php:173
Stack trace:
#0 C:\xampp\htdocs\quantanics_website1\system\Database\MySQLi\Connection.php(173): mysqli->real_connect('localhost', 'root', Object(SensitiveParameterValue), 'quantancis', 3306, '', 0)
#1 C:\xampp\htdocs\quantanics_website1\system\Database\BaseConnection.php(391): CodeIgniter\Database\MySQLi\Connection->connect(false)
#2 C:\xampp\htdocs\quantanics_website1\system\Database\BaseConnection.php(573): CodeIgniter\Database\BaseConnection->initialize()
#3 C:\xampp\htdocs\quantanics_website1\system\Database\BaseBuilder.php(1616): CodeIgniter\Database\BaseConnection->query('SELECT *\nFROM `...', Array, false)
#4 C:\xampp\htdocs\quantanics_website1\app\Models\Intern_Model.php(21): CodeIgniter\Database\BaseBuilder->get()
#5 C:\xampp\htdocs\quantanics_website1\app\Controllers\Intern_controller.php(20): App\Models\Intern_Model->get_intern_id()
#6 C:\xampp\htdocs\quantanics_website1\app\Controllers\Intern_controller.php(52): App\Controllers\Intern_controller->generate_intern_id()
#7 C:\xampp\htdocs\quantanics_website1\system\CodeIgniter.php(934): App\Controllers\Intern_controller->demo_reg()
#8 C:\xampp\htdocs\quantanics_website1\system\CodeIgniter.php(499): CodeIgniter\CodeIgniter->runController(Object(App\Controllers\Intern_controller))
#9 C:\xampp\htdocs\quantanics_website1\system\CodeIgniter.php(368): CodeIgniter\CodeIgniter->handleRequest(NULL, Object(Config\Cache), false)
#10 C:\xampp\htdocs\quantanics_website1\public\index.php(67): CodeIgniter\CodeIgniter->run()
#11 {main}

Next CodeIgniter\Database\Exceptions\DatabaseException: Unknown database 'quantancis' in C:\xampp\htdocs\quantanics_website1\system\Database\MySQLi\Connection.php:218
Stack trace:
#0 C:\xampp\htdocs\quantanics_website1\system\Database\BaseConnection.php(391): CodeIgniter\Database\MySQLi\Connection->connect(false)
#1 C:\xampp\htdocs\quantanics_website1\system\Database\BaseConnection.php(573): CodeIgniter\Database\BaseConnection->initialize()
#2 C:\xampp\htdocs\quantanics_website1\system\Database\BaseBuilder.php(1616): CodeIgniter\Database\BaseConnection->query('SELECT *\nFROM `...', Array, false)
#3 C:\xampp\htdocs\quantanics_website1\app\Models\Intern_Model.php(21): CodeIgniter\Database\BaseBuilder->get()
#4 C:\xampp\htdocs\quantanics_website1\app\Controllers\Intern_controller.php(20): App\Models\Intern_Model->get_intern_id()
#5 C:\xampp\htdocs\quantanics_website1\app\Controllers\Intern_controller.php(52): App\Controllers\Intern_controller->generate_intern_id()
#6 C:\xampp\htdocs\quantanics_website1\system\CodeIgniter.php(934): App\Controllers\Intern_controller->demo_reg()
#7 C:\xampp\htdocs\quantanics_website1\system\CodeIgniter.php(499): CodeIgniter\CodeIgniter->runController(Object(App\Controllers\Intern_controller))
#8 C:\xampp\htdocs\quantanics_website1\system\CodeIgniter.php(368): CodeIgniter\CodeIgniter->handleRequest(NULL, Object(Config\Cache), false)
#9 C:\xampp\htdocs\quantanics_website1\public\index.php(67): CodeIgniter\CodeIgniter->run()
#10 {main}
CRITICAL - 2023-04-08 06:47:59 --> Unable to connect to the database.
Main connection [MySQLi]: Unknown database 'quantancis'
in SYSTEMPATH\Database\BaseConnection.php on line 427.
 1 SYSTEMPATH\Database\BaseConnection.php(573): CodeIgniter\Database\BaseConnection->initialize()
 2 SYSTEMPATH\Database\BaseBuilder.php(1616): CodeIgniter\Database\BaseConnection->query('SELECT *
FROM `intern_table`', [], false)
 3 APPPATH\Models\Intern_Model.php(21): CodeIgniter\Database\BaseBuilder->get()
 4 APPPATH\Controllers\Intern_controller.php(20): App\Models\Intern_Model->get_intern_id()
 5 APPPATH\Controllers\Intern_controller.php(52): App\Controllers\Intern_controller->generate_intern_id()
 6 SYSTEMPATH\CodeIgniter.php(934): App\Controllers\Intern_controller->demo_reg()
 7 SYSTEMPATH\CodeIgniter.php(499): CodeIgniter\CodeIgniter->runController(Object(App\Controllers\Intern_controller))
 8 SYSTEMPATH\CodeIgniter.php(368): CodeIgniter\CodeIgniter->handleRequest(null, Object(Config\Cache), false)
 9 FCPATH\index.php(67): CodeIgniter\CodeIgniter->run()
ERROR - 2023-04-08 06:49:49 --> Error connecting to the database: mysqli_sql_exception: Unknown database 'quantancis' in C:\xampp\htdocs\quantanics_website1\system\Database\MySQLi\Connection.php:173
Stack trace:
#0 C:\xampp\htdocs\quantanics_website1\system\Database\MySQLi\Connection.php(173): mysqli->real_connect('localhost', 'root', Object(SensitiveParameterValue), 'quantancis', 3306, '', 0)
#1 C:\xampp\htdocs\quantanics_website1\system\Database\BaseConnection.php(391): CodeIgniter\Database\MySQLi\Connection->connect(false)
#2 C:\xampp\htdocs\quantanics_website1\system\Database\BaseConnection.php(573): CodeIgniter\Database\BaseConnection->initialize()
#3 C:\xampp\htdocs\quantanics_website1\system\Database\BaseBuilder.php(1616): CodeIgniter\Database\BaseConnection->query('SELECT *\nFROM `...', Array, false)
#4 C:\xampp\htdocs\quantanics_website1\app\Models\Intern_Model.php(21): CodeIgniter\Database\BaseBuilder->get()
#5 C:\xampp\htdocs\quantanics_website1\app\Controllers\Intern_controller.php(20): App\Models\Intern_Model->get_intern_id()
#6 C:\xampp\htdocs\quantanics_website1\app\Controllers\Intern_controller.php(52): App\Controllers\Intern_controller->generate_intern_id()
#7 C:\xampp\htdocs\quantanics_website1\system\CodeIgniter.php(934): App\Controllers\Intern_controller->demo_reg()
#8 C:\xampp\htdocs\quantanics_website1\system\CodeIgniter.php(499): CodeIgniter\CodeIgniter->runController(Object(App\Controllers\Intern_controller))
#9 C:\xampp\htdocs\quantanics_website1\system\CodeIgniter.php(368): CodeIgniter\CodeIgniter->handleRequest(NULL, Object(Config\Cache), false)
#10 C:\xampp\htdocs\quantanics_website1\public\index.php(67): CodeIgniter\CodeIgniter->run()
#11 {main}

Next CodeIgniter\Database\Exceptions\DatabaseException: Unknown database 'quantancis' in C:\xampp\htdocs\quantanics_website1\system\Database\MySQLi\Connection.php:218
Stack trace:
#0 C:\xampp\htdocs\quantanics_website1\system\Database\BaseConnection.php(391): CodeIgniter\Database\MySQLi\Connection->connect(false)
#1 C:\xampp\htdocs\quantanics_website1\system\Database\BaseConnection.php(573): CodeIgniter\Database\BaseConnection->initialize()
#2 C:\xampp\htdocs\quantanics_website1\system\Database\BaseBuilder.php(1616): CodeIgniter\Database\BaseConnection->query('SELECT *\nFROM `...', Array, false)
#3 C:\xampp\htdocs\quantanics_website1\app\Models\Intern_Model.php(21): CodeIgniter\Database\BaseBuilder->get()
#4 C:\xampp\htdocs\quantanics_website1\app\Controllers\Intern_controller.php(20): App\Models\Intern_Model->get_intern_id()
#5 C:\xampp\htdocs\quantanics_website1\app\Controllers\Intern_controller.php(52): App\Controllers\Intern_controller->generate_intern_id()
#6 C:\xampp\htdocs\quantanics_website1\system\CodeIgniter.php(934): App\Controllers\Intern_controller->demo_reg()
#7 C:\xampp\htdocs\quantanics_website1\system\CodeIgniter.php(499): CodeIgniter\CodeIgniter->runController(Object(App\Controllers\Intern_controller))
#8 C:\xampp\htdocs\quantanics_website1\system\CodeIgniter.php(368): CodeIgniter\CodeIgniter->handleRequest(NULL, Object(Config\Cache), false)
#9 C:\xampp\htdocs\quantanics_website1\public\index.php(67): CodeIgniter\CodeIgniter->run()
#10 {main}
CRITICAL - 2023-04-08 06:49:49 --> Unable to connect to the database.
Main connection [MySQLi]: Unknown database 'quantancis'
in SYSTEMPATH\Database\BaseConnection.php on line 427.
 1 SYSTEMPATH\Database\BaseConnection.php(573): CodeIgniter\Database\BaseConnection->initialize()
 2 SYSTEMPATH\Database\BaseBuilder.php(1616): CodeIgniter\Database\BaseConnection->query('SELECT *
FROM `intern_table`', [], false)
 3 APPPATH\Models\Intern_Model.php(21): CodeIgniter\Database\BaseBuilder->get()
 4 APPPATH\Controllers\Intern_controller.php(20): App\Models\Intern_Model->get_intern_id()
 5 APPPATH\Controllers\Intern_controller.php(52): App\Controllers\Intern_controller->generate_intern_id()
 6 SYSTEMPATH\CodeIgniter.php(934): App\Controllers\Intern_controller->demo_reg()
 7 SYSTEMPATH\CodeIgniter.php(499): CodeIgniter\CodeIgniter->runController(Object(App\Controllers\Intern_controller))
 8 SYSTEMPATH\CodeIgniter.php(368): CodeIgniter\CodeIgniter->handleRequest(null, Object(Config\Cache), false)
 9 FCPATH\index.php(67): CodeIgniter\CodeIgniter->run()
ERROR - 2023-04-08 15:13:41 --> Error connecting to the database: mysqli_sql_exception: Access denied for user 'root'@'localhost' (using password: NO) in C:\xampp\htdocs\quantanics_website1\system\Database\MySQLi\Connection.php:173
Stack trace:
#0 C:\xampp\htdocs\quantanics_website1\system\Database\MySQLi\Connection.php(173): mysqli->real_connect('localhost', 'root', Object(SensitiveParameterValue), 'quantanis', 3306, '', 0)
#1 C:\xampp\htdocs\quantanics_website1\system\Database\BaseConnection.php(391): CodeIgniter\Database\MySQLi\Connection->connect(false)
#2 C:\xampp\htdocs\quantanics_website1\system\Database\BaseConnection.php(573): CodeIgniter\Database\BaseConnection->initialize()
#3 C:\xampp\htdocs\quantanics_website1\system\Database\BaseBuilder.php(1616): CodeIgniter\Database\BaseConnection->query('SELECT *\nFROM `...', Array, false)
#4 C:\xampp\htdocs\quantanics_website1\app\Models\Intern_Model.php(102): CodeIgniter\Database\BaseBuilder->get()
#5 C:\xampp\htdocs\quantanics_website1\app\Controllers\Intern_controller.php(148): App\Models\Intern_Model->getintern_data('')
#6 C:\xampp\htdocs\quantanics_website1\system\CodeIgniter.php(934): App\Controllers\Intern_controller->getdata()
#7 C:\xampp\htdocs\quantanics_website1\system\CodeIgniter.php(499): CodeIgniter\CodeIgniter->runController(Object(App\Controllers\Intern_controller))
#8 C:\xampp\htdocs\quantanics_website1\system\CodeIgniter.php(368): CodeIgniter\CodeIgniter->handleRequest(NULL, Object(Config\Cache), false)
#9 C:\xampp\htdocs\quantanics_website1\public\index.php(67): CodeIgniter\CodeIgniter->run()
#10 {main}

Next CodeIgniter\Database\Exceptions\DatabaseException: Access denied for user '****'@'localhost' (using password: NO) in C:\xampp\htdocs\quantanics_website1\system\Database\MySQLi\Connection.php:218
Stack trace:
#0 C:\xampp\htdocs\quantanics_website1\system\Database\BaseConnection.php(391): CodeIgniter\Database\MySQLi\Connection->connect(false)
#1 C:\xampp\htdocs\quantanics_website1\system\Database\BaseConnection.php(573): CodeIgniter\Database\BaseConnection->initialize()
#2 C:\xampp\htdocs\quantanics_website1\system\Database\BaseBuilder.php(1616): CodeIgniter\Database\BaseConnection->query('SELECT *\nFROM `...', Array, false)
#3 C:\xampp\htdocs\quantanics_website1\app\Models\Intern_Model.php(102): CodeIgniter\Database\BaseBuilder->get()
#4 C:\xampp\htdocs\quantanics_website1\app\Controllers\Intern_controller.php(148): App\Models\Intern_Model->getintern_data('')
#5 C:\xampp\htdocs\quantanics_website1\system\CodeIgniter.php(934): App\Controllers\Intern_controller->getdata()
#6 C:\xampp\htdocs\quantanics_website1\system\CodeIgniter.php(499): CodeIgniter\CodeIgniter->runController(Object(App\Controllers\Intern_controller))
#7 C:\xampp\htdocs\quantanics_website1\system\CodeIgniter.php(368): CodeIgniter\CodeIgniter->handleRequest(NULL, Object(Config\Cache), false)
#8 C:\xampp\htdocs\quantanics_website1\public\index.php(67): CodeIgniter\CodeIgniter->run()
#9 {main}
CRITICAL - 2023-04-08 15:13:41 --> Unable to connect to the database.
Main connection [MySQLi]: Access denied for user '****'@'localhost' (using password: NO)
in SYSTEMPATH\Database\BaseConnection.php on line 427.
 1 SYSTEMPATH\Database\BaseConnection.php(573): CodeIgniter\Database\BaseConnection->initialize()
 2 SYSTEMPATH\Database\BaseBuilder.php(1616): CodeIgniter\Database\BaseConnection->query('SELECT *
FROM `intern_table`
WHERE `intern_id` = :intern_id:', [...], false)
 3 APPPATH\Models\Intern_Model.php(102): CodeIgniter\Database\BaseBuilder->get()
 4 APPPATH\Controllers\Intern_controller.php(148): App\Models\Intern_Model->getintern_data('ROOTPATH\\public')
 5 SYSTEMPATH\CodeIgniter.php(934): App\Controllers\Intern_controller->getdata()
 6 SYSTEMPATH\CodeIgniter.php(499): CodeIgniter\CodeIgniter->runController(Object(App\Controllers\Intern_controller))
 7 SYSTEMPATH\CodeIgniter.php(368): CodeIgniter\CodeIgniter->handleRequest(null, Object(Config\Cache), false)
 8 FCPATH\index.php(67): CodeIgniter\CodeIgniter->run()
ERROR - 2023-04-08 15:13:41 --> Error connecting to the database: mysqli_sql_exception: Access denied for user 'root'@'localhost' (using password: NO) in C:\xampp\htdocs\quantanics_website1\system\Database\MySQLi\Connection.php:173
Stack trace:
#0 C:\xampp\htdocs\quantanics_website1\system\Database\MySQLi\Connection.php(173): mysqli->real_connect('localhost', 'root', Object(SensitiveParameterValue), 'quantanis', 3306, '', 0)
#1 C:\xampp\htdocs\quantanics_website1\system\Database\BaseConnection.php(391): CodeIgniter\Database\MySQLi\Connection->connect(false)
#2 C:\xampp\htdocs\quantanics_website1\system\Database\BaseConnection.php(573): CodeIgniter\Database\BaseConnection->initialize()
#3 C:\xampp\htdocs\quantanics_website1\system\Database\BaseBuilder.php(1616): CodeIgniter\Database\BaseConnection->query('SELECT *\nFROM `...', Array, false)
#4 C:\xampp\htdocs\quantanics_website1\app\Models\Intern_Model.php(138): CodeIgniter\Database\BaseBuilder->get()
#5 C:\xampp\htdocs\quantanics_website1\app\Controllers\Intern_controller.php(182): App\Models\Intern_Model->get_intern_msg_records()
#6 C:\xampp\htdocs\quantanics_website1\system\CodeIgniter.php(934): App\Controllers\Intern_controller->intern_msg_retrive()
#7 C:\xampp\htdocs\quantanics_website1\system\CodeIgniter.php(499): CodeIgniter\CodeIgniter->runController(Object(App\Controllers\Intern_controller))
#8 C:\xampp\htdocs\quantanics_website1\system\CodeIgniter.php(368): CodeIgniter\CodeIgniter->handleRequest(NULL, Object(Config\Cache), false)
#9 C:\xampp\htdocs\quantanics_website1\public\index.php(67): CodeIgniter\CodeIgniter->run()
#10 {main}

Next CodeIgniter\Database\Exceptions\DatabaseException: Access denied for user '****'@'localhost' (using password: NO) in C:\xampp\htdocs\quantanics_website1\system\Database\MySQLi\Connection.php:218
Stack trace:
#0 C:\xampp\htdocs\quantanics_website1\system\Database\BaseConnection.php(391): CodeIgniter\Database\MySQLi\Connection->connect(false)
#1 C:\xampp\htdocs\quantanics_website1\system\Database\BaseConnection.php(573): CodeIgniter\Database\BaseConnection->initialize()
#2 C:\xampp\htdocs\quantanics_website1\system\Database\BaseBuilder.php(1616): CodeIgniter\Database\BaseConnection->query('SELECT *\nFROM `...', Array, false)
#3 C:\xampp\htdocs\quantanics_website1\app\Models\Intern_Model.php(138): CodeIgniter\Database\BaseBuilder->get()
#4 C:\xampp\htdocs\quantanics_website1\app\Controllers\Intern_controller.php(182): App\Models\Intern_Model->get_intern_msg_records()
#5 C:\xampp\htdocs\quantanics_website1\system\CodeIgniter.php(934): App\Controllers\Intern_controller->intern_msg_retrive()
#6 C:\xampp\htdocs\quantanics_website1\system\CodeIgniter.php(499): CodeIgniter\CodeIgniter->runController(Object(App\Controllers\Intern_controller))
#7 C:\xampp\htdocs\quantanics_website1\system\CodeIgniter.php(368): CodeIgniter\CodeIgniter->handleRequest(NULL, Object(Config\Cache), false)
#8 C:\xampp\htdocs\quantanics_website1\public\index.php(67): CodeIgniter\CodeIgniter->run()
#9 {main}
CRITICAL - 2023-04-08 15:13:41 --> Unable to connect to the database.
Main connection [MySQLi]: Access denied for user '****'@'localhost' (using password: NO)
in SYSTEMPATH\Database\BaseConnection.php on line 427.
 1 SYSTEMPATH\Database\BaseConnection.php(573): CodeIgniter\Database\BaseConnection->initialize()
 2 SYSTEMPATH\Database\BaseBuilder.php(1616): CodeIgniter\Database\BaseConnection->query('SELECT *
FROM `message_table`', [], false)
 3 APPPATH\Models\Intern_Model.php(138): CodeIgniter\Database\BaseBuilder->get()
 4 APPPATH\Controllers\Intern_controller.php(182): App\Models\Intern_Model->get_intern_msg_records()
 5 SYSTEMPATH\CodeIgniter.php(934): App\Controllers\Intern_controller->intern_msg_retrive()
 6 SYSTEMPATH\CodeIgniter.php(499): CodeIgniter\CodeIgniter->runController(Object(App\Controllers\Intern_controller))
 7 SYSTEMPATH\CodeIgniter.php(368): CodeIgniter\CodeIgniter->handleRequest(null, Object(Config\Cache), false)
 8 FCPATH\index.php(67): CodeIgniter\CodeIgniter->run()
ERROR - 2023-04-08 15:13:44 --> Error connecting to the database: mysqli_sql_exception: Access denied for user 'root'@'localhost' (using password: NO) in C:\xampp\htdocs\quantanics_website1\system\Database\MySQLi\Connection.php:173
Stack trace:
#0 C:\xampp\htdocs\quantanics_website1\system\Database\MySQLi\Connection.php(173): mysqli->real_connect('localhost', 'root', Object(SensitiveParameterValue), 'quantanis', 3306, '', 0)
#1 C:\xampp\htdocs\quantanics_website1\system\Database\BaseConnection.php(391): CodeIgniter\Database\MySQLi\Connection->connect(false)
#2 C:\xampp\htdocs\quantanics_website1\system\Database\BaseConnection.php(573): CodeIgniter\Database\BaseConnection->initialize()
#3 C:\xampp\htdocs\quantanics_website1\system\Database\BaseBuilder.php(1616): CodeIgniter\Database\BaseConnection->query('SELECT *\nFROM `...', Array, false)
#4 C:\xampp\htdocs\quantanics_website1\app\Models\Intern_Model.php(138): CodeIgniter\Database\BaseBuilder->get()
#5 C:\xampp\htdocs\quantanics_website1\app\Controllers\Intern_controller.php(182): App\Models\Intern_Model->get_intern_msg_records()
#6 C:\xampp\htdocs\quantanics_website1\system\CodeIgniter.php(934): App\Controllers\Intern_controller->intern_msg_retrive()
#7 C:\xampp\htdocs\quantanics_website1\system\CodeIgniter.php(499): CodeIgniter\CodeIgniter->runController(Object(App\Controllers\Intern_controller))
#8 C:\xampp\htdocs\quantanics_website1\system\CodeIgniter.php(368): CodeIgniter\CodeIgniter->handleRequest(NULL, Object(Config\Cache), false)
#9 C:\xampp\htdocs\quantanics_website1\public\index.php(67): CodeIgniter\CodeIgniter->run()
#10 {main}

Next CodeIgniter\Database\Exceptions\DatabaseException: Access denied for user '****'@'localhost' (using password: NO) in C:\xampp\htdocs\quantanics_website1\system\Database\MySQLi\Connection.php:218
Stack trace:
#0 C:\xampp\htdocs\quantanics_website1\system\Database\BaseConnection.php(391): CodeIgniter\Database\MySQLi\Connection->connect(false)
#1 C:\xampp\htdocs\quantanics_website1\system\Database\BaseConnection.php(573): CodeIgniter\Database\BaseConnection->initialize()
#2 C:\xampp\htdocs\quantanics_website1\system\Database\BaseBuilder.php(1616): CodeIgniter\Database\BaseConnection->query('SELECT *\nFROM `...', Array, false)
#3 C:\xampp\htdocs\quantanics_website1\app\Models\Intern_Model.php(138): CodeIgniter\Database\BaseBuilder->get()
#4 C:\xampp\htdocs\quantanics_website1\app\Controllers\Intern_controller.php(182): App\Models\Intern_Model->get_intern_msg_records()
#5 C:\xampp\htdocs\quantanics_website1\system\CodeIgniter.php(934): App\Controllers\Intern_controller->intern_msg_retrive()
#6 C:\xampp\htdocs\quantanics_website1\system\CodeIgniter.php(499): CodeIgniter\CodeIgniter->runController(Object(App\Controllers\Intern_controller))
#7 C:\xampp\htdocs\quantanics_website1\system\CodeIgniter.php(368): CodeIgniter\CodeIgniter->handleRequest(NULL, Object(Config\Cache), false)
#8 C:\xampp\htdocs\quantanics_website1\public\index.php(67): CodeIgniter\CodeIgniter->run()
#9 {main}
CRITICAL - 2023-04-08 15:13:44 --> Unable to connect to the database.
Main connection [MySQLi]: Access denied for user '****'@'localhost' (using password: NO)
in SYSTEMPATH\Database\BaseConnection.php on line 427.
 1 SYSTEMPATH\Database\BaseConnection.php(573): CodeIgniter\Database\BaseConnection->initialize()
 2 SYSTEMPATH\Database\BaseBuilder.php(1616): CodeIgniter\Database\BaseConnection->query('SELECT *
FROM `message_table`', [], false)
 3 APPPATH\Models\Intern_Model.php(138): CodeIgniter\Database\BaseBuilder->get()
 4 APPPATH\Controllers\Intern_controller.php(182): App\Models\Intern_Model->get_intern_msg_records()
 5 SYSTEMPATH\CodeIgniter.php(934): App\Controllers\Intern_controller->intern_msg_retrive()
 6 SYSTEMPATH\CodeIgniter.php(499): CodeIgniter\CodeIgniter->runController(Object(App\Controllers\Intern_controller))
 7 SYSTEMPATH\CodeIgniter.php(368): CodeIgniter\CodeIgniter->handleRequest(null, Object(Config\Cache), false)
 8 FCPATH\index.php(67): CodeIgniter\CodeIgniter->run()
ERROR - 2023-04-08 15:13:44 --> Error connecting to the database: mysqli_sql_exception: Access denied for user 'root'@'localhost' (using password: NO) in C:\xampp\htdocs\quantanics_website1\system\Database\MySQLi\Connection.php:173
Stack trace:
#0 C:\xampp\htdocs\quantanics_website1\system\Database\MySQLi\Connection.php(173): mysqli->real_connect('localhost', 'root', Object(SensitiveParameterValue), 'quantanis', 3306, '', 0)
#1 C:\xampp\htdocs\quantanics_website1\system\Database\BaseConnection.php(391): CodeIgniter\Database\MySQLi\Connection->connect(false)
#2 C:\xampp\htdocs\quantanics_website1\system\Database\BaseConnection.php(573): CodeIgniter\Database\BaseConnection->initialize()
#3 C:\xampp\htdocs\quantanics_website1\system\Database\BaseBuilder.php(1616): CodeIgniter\Database\BaseConnection->query('SELECT *\nFROM `...', Array, false)
#4 C:\xampp\htdocs\quantanics_website1\app\Models\Intern_Model.php(102): CodeIgniter\Database\BaseBuilder->get()
#5 C:\xampp\htdocs\quantanics_website1\app\Controllers\Intern_controller.php(148): App\Models\Intern_Model->getintern_data('')
#6 C:\xampp\htdocs\quantanics_website1\system\CodeIgniter.php(934): App\Controllers\Intern_controller->getdata()
#7 C:\xampp\htdocs\quantanics_website1\system\CodeIgniter.php(499): CodeIgniter\CodeIgniter->runController(Object(App\Controllers\Intern_controller))
#8 C:\xampp\htdocs\quantanics_website1\system\CodeIgniter.php(368): CodeIgniter\CodeIgniter->handleRequest(NULL, Object(Config\Cache), false)
#9 C:\xampp\htdocs\quantanics_website1\public\index.php(67): CodeIgniter\CodeIgniter->run()
#10 {main}

Next CodeIgniter\Database\Exceptions\DatabaseException: Access denied for user '****'@'localhost' (using password: NO) in C:\xampp\htdocs\quantanics_website1\system\Database\MySQLi\Connection.php:218
Stack trace:
#0 C:\xampp\htdocs\quantanics_website1\system\Database\BaseConnection.php(391): CodeIgniter\Database\MySQLi\Connection->connect(false)
#1 C:\xampp\htdocs\quantanics_website1\system\Database\BaseConnection.php(573): CodeIgniter\Database\BaseConnection->initialize()
#2 C:\xampp\htdocs\quantanics_website1\system\Database\BaseBuilder.php(1616): CodeIgniter\Database\BaseConnection->query('SELECT *\nFROM `...', Array, false)
#3 C:\xampp\htdocs\quantanics_website1\app\Models\Intern_Model.php(102): CodeIgniter\Database\BaseBuilder->get()
#4 C:\xampp\htdocs\quantanics_website1\app\Controllers\Intern_controller.php(148): App\Models\Intern_Model->getintern_data('')
#5 C:\xampp\htdocs\quantanics_website1\system\CodeIgniter.php(934): App\Controllers\Intern_controller->getdata()
#6 C:\xampp\htdocs\quantanics_website1\system\CodeIgniter.php(499): CodeIgniter\CodeIgniter->runController(Object(App\Controllers\Intern_controller))
#7 C:\xampp\htdocs\quantanics_website1\system\CodeIgniter.php(368): CodeIgniter\CodeIgniter->handleRequest(NULL, Object(Config\Cache), false)
#8 C:\xampp\htdocs\quantanics_website1\public\index.php(67): CodeIgniter\CodeIgniter->run()
#9 {main}
CRITICAL - 2023-04-08 15:13:44 --> Unable to connect to the database.
Main connection [MySQLi]: Access denied for user '****'@'localhost' (using password: NO)
in SYSTEMPATH\Database\BaseConnection.php on line 427.
 1 SYSTEMPATH\Database\BaseConnection.php(573): CodeIgniter\Database\BaseConnection->initialize()
 2 SYSTEMPATH\Database\BaseBuilder.php(1616): CodeIgniter\Database\BaseConnection->query('SELECT *
FROM `intern_table`
WHERE `intern_id` = :intern_id:', [...], false)
 3 APPPATH\Models\Intern_Model.php(102): CodeIgniter\Database\BaseBuilder->get()
 4 APPPATH\Controllers\Intern_controller.php(148): App\Models\Intern_Model->getintern_data('ROOTPATH\\public')
 5 SYSTEMPATH\CodeIgniter.php(934): App\Controllers\Intern_controller->getdata()
 6 SYSTEMPATH\CodeIgniter.php(499): CodeIgniter\CodeIgniter->runController(Object(App\Controllers\Intern_controller))
 7 SYSTEMPATH\CodeIgniter.php(368): CodeIgniter\CodeIgniter->handleRequest(null, Object(Config\Cache), false)
 8 FCPATH\index.php(67): CodeIgniter\CodeIgniter->run()
