ERROR - 2023-04-02 14:37:21 --> mysqli_sql_exception: Duplicate entry '0' for key 'PRIMARY' in C:\xampp\htdocs\quantanics_new\system\Database\MySQLi\Connection.php:295
Stack trace:
#0 C:\xampp\htdocs\quantanics_new\system\Database\MySQLi\Connection.php(295): mysqli->query('INSERT INTO `me...', 0)
#1 C:\xampp\htdocs\quantanics_new\system\Database\BaseConnection.php(691): CodeIgniter\Database\MySQLi\Connection->execute('INSERT INTO `me...')
#2 C:\xampp\htdocs\quantanics_new\system\Database\BaseConnection.php(605): CodeIgniter\Database\BaseConnection->simpleQuery('INSERT INTO `me...')
#3 C:\xampp\htdocs\quantanics_new\system\Database\BaseBuilder.php(2309): CodeIgniter\Database\BaseConnection->query('INSERT INTO `me...', Array, false)
#4 C:\xampp\htdocs\quantanics_new\app\Models\Intern_Model.php(104): CodeIgniter\Database\BaseBuilder->insert(Array)
#5 C:\xampp\htdocs\quantanics_new\app\Controllers\Intern_controller.php(169): App\Models\Intern_Model->insert_msg(Array)
#6 C:\xampp\htdocs\quantanics_new\system\CodeIgniter.php(934): App\Controllers\Intern_controller->msg_send()
#7 C:\xampp\htdocs\quantanics_new\system\CodeIgniter.php(499): CodeIgniter\CodeIgniter->runController(Object(App\Controllers\Intern_controller))
#8 C:\xampp\htdocs\quantanics_new\system\CodeIgniter.php(368): CodeIgniter\CodeIgniter->handleRequest(NULL, Object(Config\Cache), false)
#9 C:\xampp\htdocs\quantanics_new\public\index.php(67): CodeIgniter\CodeIgniter->run()
#10 {main}
CRITICAL - 2023-04-02 14:37:21 --> Duplicate entry '0' for key 'PRIMARY'
in SYSTEMPATH\Database\BaseConnection.php on line 645.
 1 SYSTEMPATH\Database\BaseBuilder.php(2309): CodeIgniter\Database\BaseConnection->query('INSERT INTO `message_table` (`intern_id`, `intern_name`, `intern_msg`, `domain_name`, `profile_name`) VALUES (:intern_id:, :intern_name:, :intern_msg:, :domain_name:, :profile_name:)', [...], false)
 2 APPPATH\Models\Intern_Model.php(104): CodeIgniter\Database\BaseBuilder->insert([...])
 3 APPPATH\Controllers\Intern_controller.php(169): App\Models\Intern_Model->insert_msg([...])
 4 SYSTEMPATH\CodeIgniter.php(934): App\Controllers\Intern_controller->msg_send()
 5 SYSTEMPATH\CodeIgniter.php(499): CodeIgniter\CodeIgniter->runController(Object(App\Controllers\Intern_controller))
 6 SYSTEMPATH\CodeIgniter.php(368): CodeIgniter\CodeIgniter->handleRequest(null, Object(Config\Cache), false)
 7 FCPATH\index.php(67): CodeIgniter\CodeIgniter->run()
ERROR - 2023-04-02 14:37:26 --> mysqli_sql_exception: Duplicate entry '0' for key 'PRIMARY' in C:\xampp\htdocs\quantanics_new\system\Database\MySQLi\Connection.php:295
Stack trace:
#0 C:\xampp\htdocs\quantanics_new\system\Database\MySQLi\Connection.php(295): mysqli->query('INSERT INTO `me...', 0)
#1 C:\xampp\htdocs\quantanics_new\system\Database\BaseConnection.php(691): CodeIgniter\Database\MySQLi\Connection->execute('INSERT INTO `me...')
#2 C:\xampp\htdocs\quantanics_new\system\Database\BaseConnection.php(605): CodeIgniter\Database\BaseConnection->simpleQuery('INSERT INTO `me...')
#3 C:\xampp\htdocs\quantanics_new\system\Database\BaseBuilder.php(2309): CodeIgniter\Database\BaseConnection->query('INSERT INTO `me...', Array, false)
#4 C:\xampp\htdocs\quantanics_new\app\Models\Intern_Model.php(104): CodeIgniter\Database\BaseBuilder->insert(Array)
#5 C:\xampp\htdocs\quantanics_new\app\Controllers\Intern_controller.php(169): App\Models\Intern_Model->insert_msg(Array)
#6 C:\xampp\htdocs\quantanics_new\system\CodeIgniter.php(934): App\Controllers\Intern_controller->msg_send()
#7 C:\xampp\htdocs\quantanics_new\system\CodeIgniter.php(499): CodeIgniter\CodeIgniter->runController(Object(App\Controllers\Intern_controller))
#8 C:\xampp\htdocs\quantanics_new\system\CodeIgniter.php(368): CodeIgniter\CodeIgniter->handleRequest(NULL, Object(Config\Cache), false)
#9 C:\xampp\htdocs\quantanics_new\public\index.php(67): CodeIgniter\CodeIgniter->run()
#10 {main}
CRITICAL - 2023-04-02 14:37:26 --> Duplicate entry '0' for key 'PRIMARY'
in SYSTEMPATH\Database\BaseConnection.php on line 645.
 1 SYSTEMPATH\Database\BaseBuilder.php(2309): CodeIgniter\Database\BaseConnection->query('INSERT INTO `message_table` (`intern_id`, `intern_name`, `intern_msg`, `domain_name`, `profile_name`) VALUES (:intern_id:, :intern_name:, :intern_msg:, :domain_name:, :profile_name:)', [...], false)
 2 APPPATH\Models\Intern_Model.php(104): CodeIgniter\Database\BaseBuilder->insert([...])
 3 APPPATH\Controllers\Intern_controller.php(169): App\Models\Intern_Model->insert_msg([...])
 4 SYSTEMPATH\CodeIgniter.php(934): App\Controllers\Intern_controller->msg_send()
 5 SYSTEMPATH\CodeIgniter.php(499): CodeIgniter\CodeIgniter->runController(Object(App\Controllers\Intern_controller))
 6 SYSTEMPATH\CodeIgniter.php(368): CodeIgniter\CodeIgniter->handleRequest(null, Object(Config\Cache), false)
 7 FCPATH\index.php(67): CodeIgniter\CodeIgniter->run()
ERROR - 2023-04-02 14:37:51 --> mysqli_sql_exception: Duplicate entry '0' for key 'PRIMARY' in C:\xampp\htdocs\quantanics_new\system\Database\MySQLi\Connection.php:295
Stack trace:
#0 C:\xampp\htdocs\quantanics_new\system\Database\MySQLi\Connection.php(295): mysqli->query('INSERT INTO `me...', 0)
#1 C:\xampp\htdocs\quantanics_new\system\Database\BaseConnection.php(691): CodeIgniter\Database\MySQLi\Connection->execute('INSERT INTO `me...')
#2 C:\xampp\htdocs\quantanics_new\system\Database\BaseConnection.php(605): CodeIgniter\Database\BaseConnection->simpleQuery('INSERT INTO `me...')
#3 C:\xampp\htdocs\quantanics_new\system\Database\BaseBuilder.php(2309): CodeIgniter\Database\BaseConnection->query('INSERT INTO `me...', Array, false)
#4 C:\xampp\htdocs\quantanics_new\app\Models\Intern_Model.php(104): CodeIgniter\Database\BaseBuilder->insert(Array)
#5 C:\xampp\htdocs\quantanics_new\app\Controllers\Intern_controller.php(169): App\Models\Intern_Model->insert_msg(Array)
#6 C:\xampp\htdocs\quantanics_new\system\CodeIgniter.php(934): App\Controllers\Intern_controller->msg_send()
#7 C:\xampp\htdocs\quantanics_new\system\CodeIgniter.php(499): CodeIgniter\CodeIgniter->runController(Object(App\Controllers\Intern_controller))
#8 C:\xampp\htdocs\quantanics_new\system\CodeIgniter.php(368): CodeIgniter\CodeIgniter->handleRequest(NULL, Object(Config\Cache), false)
#9 C:\xampp\htdocs\quantanics_new\public\index.php(67): CodeIgniter\CodeIgniter->run()
#10 {main}
CRITICAL - 2023-04-02 14:37:51 --> Duplicate entry '0' for key 'PRIMARY'
in SYSTEMPATH\Database\BaseConnection.php on line 645.
 1 SYSTEMPATH\Database\BaseBuilder.php(2309): CodeIgniter\Database\BaseConnection->query('INSERT INTO `message_table` (`intern_id`, `intern_name`, `intern_msg`, `domain_name`, `profile_name`) VALUES (:intern_id:, :intern_name:, :intern_msg:, :domain_name:, :profile_name:)', [...], false)
 2 APPPATH\Models\Intern_Model.php(104): CodeIgniter\Database\BaseBuilder->insert([...])
 3 APPPATH\Controllers\Intern_controller.php(169): App\Models\Intern_Model->insert_msg([...])
 4 SYSTEMPATH\CodeIgniter.php(934): App\Controllers\Intern_controller->msg_send()
 5 SYSTEMPATH\CodeIgniter.php(499): CodeIgniter\CodeIgniter->runController(Object(App\Controllers\Intern_controller))
 6 SYSTEMPATH\CodeIgniter.php(368): CodeIgniter\CodeIgniter->handleRequest(null, Object(Config\Cache), false)
 7 FCPATH\index.php(67): CodeIgniter\CodeIgniter->run()
ERROR - 2023-04-02 14:38:18 --> mysqli_sql_exception: Duplicate entry '0' for key 'PRIMARY' in C:\xampp\htdocs\quantanics_new\system\Database\MySQLi\Connection.php:295
Stack trace:
#0 C:\xampp\htdocs\quantanics_new\system\Database\MySQLi\Connection.php(295): mysqli->query('INSERT INTO `me...', 0)
#1 C:\xampp\htdocs\quantanics_new\system\Database\BaseConnection.php(691): CodeIgniter\Database\MySQLi\Connection->execute('INSERT INTO `me...')
#2 C:\xampp\htdocs\quantanics_new\system\Database\BaseConnection.php(605): CodeIgniter\Database\BaseConnection->simpleQuery('INSERT INTO `me...')
#3 C:\xampp\htdocs\quantanics_new\system\Database\BaseBuilder.php(2309): CodeIgniter\Database\BaseConnection->query('INSERT INTO `me...', Array, false)
#4 C:\xampp\htdocs\quantanics_new\app\Models\Intern_Model.php(104): CodeIgniter\Database\BaseBuilder->insert(Array)
#5 C:\xampp\htdocs\quantanics_new\app\Controllers\Intern_controller.php(169): App\Models\Intern_Model->insert_msg(Array)
#6 C:\xampp\htdocs\quantanics_new\system\CodeIgniter.php(934): App\Controllers\Intern_controller->msg_send()
#7 C:\xampp\htdocs\quantanics_new\system\CodeIgniter.php(499): CodeIgniter\CodeIgniter->runController(Object(App\Controllers\Intern_controller))
#8 C:\xampp\htdocs\quantanics_new\system\CodeIgniter.php(368): CodeIgniter\CodeIgniter->handleRequest(NULL, Object(Config\Cache), false)
#9 C:\xampp\htdocs\quantanics_new\public\index.php(67): CodeIgniter\CodeIgniter->run()
#10 {main}
CRITICAL - 2023-04-02 14:38:18 --> Duplicate entry '0' for key 'PRIMARY'
in SYSTEMPATH\Database\BaseConnection.php on line 645.
 1 SYSTEMPATH\Database\BaseBuilder.php(2309): CodeIgniter\Database\BaseConnection->query('INSERT INTO `message_table` (`intern_id`, `intern_name`, `intern_msg`, `domain_name`, `profile_name`) VALUES (:intern_id:, :intern_name:, :intern_msg:, :domain_name:, :profile_name:)', [...], false)
 2 APPPATH\Models\Intern_Model.php(104): CodeIgniter\Database\BaseBuilder->insert([...])
 3 APPPATH\Controllers\Intern_controller.php(169): App\Models\Intern_Model->insert_msg([...])
 4 SYSTEMPATH\CodeIgniter.php(934): App\Controllers\Intern_controller->msg_send()
 5 SYSTEMPATH\CodeIgniter.php(499): CodeIgniter\CodeIgniter->runController(Object(App\Controllers\Intern_controller))
 6 SYSTEMPATH\CodeIgniter.php(368): CodeIgniter\CodeIgniter->handleRequest(null, Object(Config\Cache), false)
 7 FCPATH\index.php(67): CodeIgniter\CodeIgniter->run()
ERROR - 2023-04-02 14:39:25 --> mysqli_sql_exception: Duplicate entry '0' for key 'PRIMARY' in C:\xampp\htdocs\quantanics_new\system\Database\MySQLi\Connection.php:295
Stack trace:
#0 C:\xampp\htdocs\quantanics_new\system\Database\MySQLi\Connection.php(295): mysqli->query('INSERT INTO `me...', 0)
#1 C:\xampp\htdocs\quantanics_new\system\Database\BaseConnection.php(691): CodeIgniter\Database\MySQLi\Connection->execute('INSERT INTO `me...')
#2 C:\xampp\htdocs\quantanics_new\system\Database\BaseConnection.php(605): CodeIgniter\Database\BaseConnection->simpleQuery('INSERT INTO `me...')
#3 C:\xampp\htdocs\quantanics_new\system\Database\BaseBuilder.php(2309): CodeIgniter\Database\BaseConnection->query('INSERT INTO `me...', Array, false)
#4 C:\xampp\htdocs\quantanics_new\app\Models\Intern_Model.php(104): CodeIgniter\Database\BaseBuilder->insert(Array)
#5 C:\xampp\htdocs\quantanics_new\app\Controllers\Intern_controller.php(169): App\Models\Intern_Model->insert_msg(Array)
#6 C:\xampp\htdocs\quantanics_new\system\CodeIgniter.php(934): App\Controllers\Intern_controller->msg_send()
#7 C:\xampp\htdocs\quantanics_new\system\CodeIgniter.php(499): CodeIgniter\CodeIgniter->runController(Object(App\Controllers\Intern_controller))
#8 C:\xampp\htdocs\quantanics_new\system\CodeIgniter.php(368): CodeIgniter\CodeIgniter->handleRequest(NULL, Object(Config\Cache), false)
#9 C:\xampp\htdocs\quantanics_new\public\index.php(67): CodeIgniter\CodeIgniter->run()
#10 {main}
CRITICAL - 2023-04-02 14:39:25 --> Duplicate entry '0' for key 'PRIMARY'
in SYSTEMPATH\Database\BaseConnection.php on line 645.
 1 SYSTEMPATH\Database\BaseBuilder.php(2309): CodeIgniter\Database\BaseConnection->query('INSERT INTO `message_table` (`intern_id`, `intern_name`, `intern_msg`, `domain_name`, `profile_name`) VALUES (:intern_id:, :intern_name:, :intern_msg:, :domain_name:, :profile_name:)', [...], false)
 2 APPPATH\Models\Intern_Model.php(104): CodeIgniter\Database\BaseBuilder->insert([...])
 3 APPPATH\Controllers\Intern_controller.php(169): App\Models\Intern_Model->insert_msg([...])
 4 SYSTEMPATH\CodeIgniter.php(934): App\Controllers\Intern_controller->msg_send()
 5 SYSTEMPATH\CodeIgniter.php(499): CodeIgniter\CodeIgniter->runController(Object(App\Controllers\Intern_controller))
 6 SYSTEMPATH\CodeIgniter.php(368): CodeIgniter\CodeIgniter->handleRequest(null, Object(Config\Cache), false)
 7 FCPATH\index.php(67): CodeIgniter\CodeIgniter->run()
ERROR - 2023-04-02 14:42:09 --> mysqli_sql_exception: Duplicate entry '0' for key 'PRIMARY' in C:\xampp\htdocs\quantanics_new\system\Database\MySQLi\Connection.php:295
Stack trace:
#0 C:\xampp\htdocs\quantanics_new\system\Database\MySQLi\Connection.php(295): mysqli->query('INSERT INTO `me...', 0)
#1 C:\xampp\htdocs\quantanics_new\system\Database\BaseConnection.php(691): CodeIgniter\Database\MySQLi\Connection->execute('INSERT INTO `me...')
#2 C:\xampp\htdocs\quantanics_new\system\Database\BaseConnection.php(605): CodeIgniter\Database\BaseConnection->simpleQuery('INSERT INTO `me...')
#3 C:\xampp\htdocs\quantanics_new\system\Database\BaseBuilder.php(2309): CodeIgniter\Database\BaseConnection->query('INSERT INTO `me...', Array, false)
#4 C:\xampp\htdocs\quantanics_new\app\Models\Intern_Model.php(121): CodeIgniter\Database\BaseBuilder->insert(Array)
#5 C:\xampp\htdocs\quantanics_new\app\Controllers\Intern_controller.php(174): App\Models\Intern_Model->insert_msg(Array)
#6 C:\xampp\htdocs\quantanics_new\system\CodeIgniter.php(934): App\Controllers\Intern_controller->msg_send()
#7 C:\xampp\htdocs\quantanics_new\system\CodeIgniter.php(499): CodeIgniter\CodeIgniter->runController(Object(App\Controllers\Intern_controller))
#8 C:\xampp\htdocs\quantanics_new\system\CodeIgniter.php(368): CodeIgniter\CodeIgniter->handleRequest(NULL, Object(Config\Cache), false)
#9 C:\xampp\htdocs\quantanics_new\public\index.php(67): CodeIgniter\CodeIgniter->run()
#10 {main}
CRITICAL - 2023-04-02 14:42:09 --> Duplicate entry '0' for key 'PRIMARY'
in SYSTEMPATH\Database\BaseConnection.php on line 645.
 1 SYSTEMPATH\Database\BaseBuilder.php(2309): CodeIgniter\Database\BaseConnection->query('INSERT INTO `message_table` (`intern_id`, `intern_name`, `intern_msg`, `domain_name`, `profile_name`) VALUES (:intern_id:, :intern_name:, :intern_msg:, :domain_name:, :profile_name:)', [...], false)
 2 APPPATH\Models\Intern_Model.php(121): CodeIgniter\Database\BaseBuilder->insert([...])
 3 APPPATH\Controllers\Intern_controller.php(174): App\Models\Intern_Model->insert_msg([...])
 4 SYSTEMPATH\CodeIgniter.php(934): App\Controllers\Intern_controller->msg_send()
 5 SYSTEMPATH\CodeIgniter.php(499): CodeIgniter\CodeIgniter->runController(Object(App\Controllers\Intern_controller))
 6 SYSTEMPATH\CodeIgniter.php(368): CodeIgniter\CodeIgniter->handleRequest(null, Object(Config\Cache), false)
 7 FCPATH\index.php(67): CodeIgniter\CodeIgniter->run()
